#
# A fatal error has been detected by the Java Runtime Environment:
#
#  EXCEPTION_ACCESS_VIOLATION (0xc0000005) at pc=0x0000000066b0bbb1, pid=19976, tid=18444
#
# JRE version: Java(TM) SE Runtime Environment (14.0.2+12) (build 14.0.2+12-46)
# Java VM: Java HotSpot(TM) 64-Bit Server VM (14.0.2+12-46, mixed mode, sharing, tiered, compressed oops, g1 gc, windows-amd64)
# Problematic frame:
# C  [gdx-box2d64.dll+0xbbb1]
#
# No core dump will be written. Minidumps are not enabled by default on client versions of Windows
#
# If you would like to submit a bug report, please visit:
#   https://bugreport.java.com/bugreport/crash.jsp
# The crash happened outside the Java Virtual Machine in native code.
# See problematic frame for where to report the bug.
#

---------------  S U M M A R Y ------------

Command Line: -Dfile.encoding=windows-1252 -Duser.country=US -Duser.language=en -Duser.variant -Xmx4G space.wars.desktop.DesktopLauncher

Host: AMD Ryzen 5 2600 Six-Core Processor            , 12 cores, 15G,  Windows 10 , 64 bit Build 19041 (10.0.19041.1503)
Time: Sat Feb 26 12:20:30 2022 Mountain Standard Time elapsed time: 79 seconds (0d 0h 1m 19s)

---------------  T H R E A D  ---------------

Current thread (0x000001c10527b000):  JavaThread "LWJGL Application" [_thread_in_native, id=18444, stack(0x000000be6cd00000,0x000000be6ce00000)]

Stack: [0x000000be6cd00000,0x000000be6ce00000],  sp=0x000000be6cdfee40,  free space=1019k
Native frames: (J=compiled Java code, j=interpreted, Vv=VM code, C=native code)
C  [gdx-box2d64.dll+0xbbb1]

Java frames: (J=compiled Java code, j=interpreted, Vv=VM code)
j  com.badlogic.gdx.physics.box2d.World.jniCreateBody(JIFFFFFFFFZZZZZF)J+0
j  com.badlogic.gdx.physics.box2d.World.createBody(Lcom/badlogic/gdx/physics/box2d/BodyDef;)Lcom/badlogic/gdx/physics/box2d/Body;+80
j  space.wars.Bullet.<init>(Lcom/badlogic/gdx/math/Vector2;Lcom/badlogic/gdx/math/Vector2;F)V+62
J 923 c1 space.wars.fixedgunlol.shewt(Lspace/wars/SpaceShip;Z)V (257 bytes) @ 0x000001c169426504 [0x000001c169425780+0x0000000000000d84]
J 959 c1 space.wars.SpaceWars.render()V (536 bytes) @ 0x000001c1694332ec [0x000001c169431b40+0x00000000000017ac]
j  com.badlogic.gdx.backends.lwjgl.LwjglApplication.mainLoop()V+776
j  com.badlogic.gdx.backends.lwjgl.LwjglApplication$1.run()V+27
v  ~StubRoutines::call_stub

siginfo: EXCEPTION_ACCESS_VIOLATION (0xc0000005), reading address 0x000001c306f705f0


Register to memory mapping:

RIP=0x0000000066b0bbb1 gdx-box2d64.dll
RAX=0x0000000066b50060 gdx-box2d64.dll
RBX=0x000001c306f705f0 is an unknown value
RCX=0x000001c106f3e180 points into unknown readable memory: 10 75 f5 06 c1 01 00 00
RDX=0x00000000000000b8 is an unknown value
RSP=0x000000be6cdfee40 is pointing into the stack for thread: 0x000001c10527b000
RBP=0x000001c106f3e1b0 points into unknown readable memory: 00 00 00 00 00 00 00 00
RSI=0x000001c106f3e180 points into unknown readable memory: 10 75 f5 06 c1 01 00 00
RDI=0x000000be6cdfef00 is pointing into the stack for thread: 0x000001c10527b000
R8 =0x000001c106f3e180 points into unknown readable memory: 10 75 f5 06 c1 01 00 00
R9 =0x0000000000000002 is an unknown value
R10=0x0 is NULL
R11=0x0000000000000001 is an unknown value
R12=0x0 is NULL
R13=0x0000000000000006 is an unknown value
R14=0x000000be6cdff0f0 is pointing into the stack for thread: 0x000001c10527b000
R15=0x000001c10527b000 is a thread


Registers:
RAX=0x0000000066b50060, RBX=0x000001c306f705f0, RCX=0x000001c106f3e180, RDX=0x00000000000000b8
RSP=0x000000be6cdfee40, RBP=0x000001c106f3e1b0, RSI=0x000001c106f3e180, RDI=0x000000be6cdfef00
R8 =0x000001c106f3e180, R9 =0x0000000000000002, R10=0x0000000000000000, R11=0x0000000000000001
R12=0x0000000000000000, R13=0x0000000000000006, R14=0x000000be6cdff0f0, R15=0x000001c10527b000
RIP=0x0000000066b0bbb1, EFLAGS=0x0000000000010206

Top of Stack: (sp=0x000000be6cdfee40)
0x000000be6cdfee40:   00007ff825b0cff0 000001c109c1f3d0
0x000000be6cdfee50:   0000000000000012 0000000000000000
0x000000be6cdfee60:   0000000000000001 000001c106f3e180
0x000000be6cdfee70:   000000be6cdfef00 000000be6cdff048
0x000000be6cdfee80:   0000000000000000 000001c104e93f28
0x000000be6cdfee90:   000000be6cdff0f0 0000000066b21163
0x000000be6cdfeea0:   0000000000000003 000001c104e93f28
0x000000be6cdfeeb0:   000001c10527b000 000001c104e93f28
0x000000be6cdfeec0:   0000000000000001 000001c10486b0c0
0x000000be6cdfeed0:   000000000005a338 0000000066b26a36
0x000000be6cdfeee0:   0000000000000000 000000000005a338
0x000000be6cdfeef0:   000000be6cdff048 000001c168cc8b8b
0x000000be6cdfef00:   431937e000000002 0000000043926d25
0x000000be6cdfef10:   0000000000000000 0000000000000000
0x000000be6cdfef20:   0100010100000000 000000be6cdff001
0x000000be6cdfef30:   0000000000000000 000000003f800000 

Instructions: (pc=0x0000000066b0bbb1)
0x0000000066b0bab1:   3d 89 45 04 00 00 75 5e 48 8d 3d a1 45 04 00 bb
0x0000000066b0bac1:   01 00 00 00 31 f6 48 8d 2d 32 45 03 00 eb 04 48
0x0000000066b0bad1:   83 c7 01 48 63 c6 39 5c 85 00 7d 03 83 c6 01 83
0x0000000066b0bae1:   c3 01 40 88 37 81 fb 81 02 00 00 74 22 83 fe 0d
0x0000000066b0baf1:   7e dd 48 8d 15 26 60 03 00 48 8d 0d 84 60 03 00
0x0000000066b0bb01:   41 b8 49 00 00 00 e8 c4 aa 02 00 eb c2 66 90 c6
0x0000000066b0bb11:   05 29 45 04 00 01 48 83 c4 28 5b 5e 5f 5d c3 57
0x0000000066b0bb21:   56 53 48 83 ec 20 8b 41 08 31 f6 31 db 48 89 cf
0x0000000066b0bb31:   85 c0 7e 19 48 8b 07 83 c3 01 48 8b 4c 30 08 48
0x0000000066b0bb41:   83 c6 10 e8 c7 08 00 00 39 5f 08 7f e7 48 8b 0f
0x0000000066b0bb51:   48 83 c4 20 5b 5e 5f e9 b3 08 00 00 90 66 90 41
0x0000000066b0bb61:   56 41 55 41 54 55 57 56 53 48 83 ec 20 48 63 da
0x0000000066b0bb71:   48 89 ce 83 fb 00 0f 84 66 01 00 00 0f 8e 42 01
0x0000000066b0bb81:   00 00 81 fb 80 02 00 00 0f 8f 21 01 00 00 48 8d
0x0000000066b0bb91:   05 ca 44 04 00 44 0f b6 2c 18 41 80 fd 0d 4c 89
0x0000000066b0bba1:   eb 77 2c 48 8d 2c de 48 8b 5d 10 48 85 db 74 45
0x0000000066b0bbb1:   48 8b 03 48 89 45 10 48 89 d8 48 83 c4 20 5b 5e
0x0000000066b0bbc1:   5f 5d 41 5c 41 5d 41 5e c3 66 0f 1f 44 00 00 48
0x0000000066b0bbd1:   8d 15 49 5f 03 00 48 8d 0d c2 5f 03 00 48 8d 2c
0x0000000066b0bbe1:   de 41 b8 70 00 00 00 e8 e3 a9 02 00 48 8b 5d 10
0x0000000066b0bbf1:   48 85 db 75 bb 4c 63 66 08 44 3b 66 0c 0f 84 1c
0x0000000066b0bc01:   01 00 00 49 c1 e4 04 4c 03 26 b9 00 40 00 00 e8
0x0000000066b0bc11:   eb 07 00 00 48 89 c3 4d 63 ed 49 89 44 24 08 48
0x0000000066b0bc21:   8d 05 d9 43 03 00 42 8b 3c a8 b8 00 40 00 00 99
0x0000000066b0bc31:   f7 ff 41 89 fd 41 89 3c 24 44 0f af e8 41 89 c6
0x0000000066b0bc41:   41 81 fd 00 40 00 00 0f 8f a6 00 00 00 41 83 fe
0x0000000066b0bc51:   01 7e 2a 4c 63 c7 41 8d 46 ff 31 d2 4d 89 c1 4a
0x0000000066b0bc61:   8d 0c 03 49 f7 d9 66 0f 1f 84 00 00 00 00 00 83
0x0000000066b0bc71:   c2 01 4a 89 0c 09 4c 01 c1 39 c2 75 f2 41 29 fd
0x0000000066b0bc81:   4d 63 ed 4a c7 04 2b 00 00 00 00 48 8b 03 48 89
0x0000000066b0bc91:   45 10 83 46 08 01 48 89 d8 48 83 c4 20 5b 5e 5f
0x0000000066b0bca1:   5d 41 5c 41 5d 41 5e c3 0f 1f 80 00 00 00 00 89 


Stack slot to memory mapping:
stack at sp + 0 slots: 0x00007ff825b0cff0 jvm.dll
stack at sp + 1 slots: 0x000001c109c1f3d0 points into unknown readable memory: 01 00 13 00 0e 95 28 4a
stack at sp + 2 slots: 0x0000000000000012 is an unknown value
stack at sp + 3 slots: 0x0 is NULL
stack at sp + 4 slots: 0x0000000000000001 is an unknown value
stack at sp + 5 slots: 0x000001c106f3e180 points into unknown readable memory: 10 75 f5 06 c1 01 00 00
stack at sp + 6 slots: 0x000000be6cdfef00 is pointing into the stack for thread: 0x000001c10527b000
stack at sp + 7 slots: 0x000000be6cdff048 is pointing into the stack for thread: 0x000001c10527b000


---------------  P R O C E S S  ---------------

Threads class SMR info:
_java_thread_list=0x000001c109a0cd00, length=13, elements={
0x000001c1050fc000, 0x000001c1050fe800, 0x000001c105118800, 0x000001c10511b800,
0x000001c10511d800, 0x000001c105122000, 0x000001c105129800, 0x000001c105135800,
0x000001c10527c800, 0x000001c10527d800, 0x000001c10527b000, 0x000001c105280000,
0x000001c105281800
}

Java Threads: ( => current thread )
  0x000001c1050fc000 JavaThread "Reference Handler" daemon [_thread_blocked, id=18140, stack(0x000000be6c000000,0x000000be6c100000)]
  0x000001c1050fe800 JavaThread "Finalizer" daemon [_thread_blocked, id=14696, stack(0x000000be6c100000,0x000000be6c200000)]
  0x000001c105118800 JavaThread "Signal Dispatcher" daemon [_thread_blocked, id=7724, stack(0x000000be6c200000,0x000000be6c300000)]
  0x000001c10511b800 JavaThread "Attach Listener" daemon [_thread_blocked, id=19408, stack(0x000000be6c300000,0x000000be6c400000)]
  0x000001c10511d800 JavaThread "Service Thread" daemon [_thread_blocked, id=20752, stack(0x000000be6c400000,0x000000be6c500000)]
  0x000001c105122000 JavaThread "C2 CompilerThread0" daemon [_thread_blocked, id=21116, stack(0x000000be6c500000,0x000000be6c600000)]
  0x000001c105129800 JavaThread "C1 CompilerThread0" daemon [_thread_blocked, id=9872, stack(0x000000be6c600000,0x000000be6c700000)]
  0x000001c105135800 JavaThread "Sweeper thread" daemon [_thread_blocked, id=21120, stack(0x000000be6c700000,0x000000be6c800000)]
  0x000001c10527c800 JavaThread "Notification Thread" daemon [_thread_blocked, id=2408, stack(0x000000be6c800000,0x000000be6c900000)]
  0x000001c10527d800 JavaThread "Common-Cleaner" daemon [_thread_blocked, id=3084, stack(0x000000be6ca00000,0x000000be6cb00000)]
=>0x000001c10527b000 JavaThread "LWJGL Application" [_thread_in_native, id=18444, stack(0x000000be6cd00000,0x000000be6ce00000)]
  0x000001c105280000 JavaThread "DestroyJavaVM" [_thread_blocked, id=20332, stack(0x000000be6b900000,0x000000be6ba00000)]
  0x000001c105281800 JavaThread "LWJGL Timer" daemon [_thread_blocked, id=5380, stack(0x000000be6d400000,0x000000be6d500000)]

Other Threads:
  0x000001c1050f5000 VMThread "VM Thread" [stack: 0x000000be6bf00000,0x000000be6c000000] [id=19548]
  0x000001c105279800 WatcherThread [stack: 0x000000be6c900000,0x000000be6ca00000] [id=20912]
  0x000001c16057a800 GCTaskThread "GC Thread#0" [stack: 0x000000be6ba00000,0x000000be6bb00000] [id=18112]
  0x000001c16059e000 ConcurrentGCThread "G1 Main Marker" [stack: 0x000000be6bb00000,0x000000be6bc00000] [id=21604]
  0x000001c16059f800 ConcurrentGCThread "G1 Conc#0" [stack: 0x000000be6bc00000,0x000000be6bd00000] [id=11688]
  0x000001c104323800 ConcurrentGCThread "G1 Refine#0" [stack: 0x000000be6bd00000,0x000000be6be00000] [id=3876]
  0x000001c104324800 ConcurrentGCThread "G1 Young RemSet Sampling" [stack: 0x000000be6be00000,0x000000be6bf00000] [id=20172]

Threads with active compile tasks:

VM state:not at safepoint (normal execution)

VM Mutex/Monitor currently owned by a thread: None

Heap address: 0x0000000700000000, size: 4096 MB, Compressed Oops mode: Zero based, Oop shift amount: 3
Narrow klass base: 0x0000000800000000, Narrow klass shift: 3
Compressed class space size: 1073741824 Address: 0x0000000800b30000

Heap:
 garbage-first heap   total 262144K, used 10240K [0x0000000700000000, 0x0000000800000000)
  region size 1024K, 12 young (12288K), 0 survivors (0K)
 Metaspace       used 4422K, capacity 7454K, committed 7808K, reserved 1056768K
  class space    used 300K, capacity 596K, committed 640K, reserved 1048576K
Heap Regions: E=young(eden), S=young(survivor), O=old, HS=humongous(starts), HC=humongous(continues), CS=collection set, F=free, OA=open archive, CA=closed archive, TAMS=top-at-mark-start (previous, next)
|   0|0x0000000700000000, 0x0000000700000000, 0x0000000700100000|  0%| F|  |TAMS 0x0000000700000000, 0x0000000700000000| Untracked 
|   1|0x0000000700100000, 0x0000000700100000, 0x0000000700200000|  0%| F|  |TAMS 0x0000000700100000, 0x0000000700100000| Untracked 
|   2|0x0000000700200000, 0x0000000700200000, 0x0000000700300000|  0%| F|  |TAMS 0x0000000700200000, 0x0000000700200000| Untracked 
|   3|0x0000000700300000, 0x0000000700300000, 0x0000000700400000|  0%| F|  |TAMS 0x0000000700300000, 0x0000000700300000| Untracked 
|   4|0x0000000700400000, 0x0000000700400000, 0x0000000700500000|  0%| F|  |TAMS 0x0000000700400000, 0x0000000700400000| Untracked 
|   5|0x0000000700500000, 0x0000000700500000, 0x0000000700600000|  0%| F|  |TAMS 0x0000000700500000, 0x0000000700500000| Untracked 
|   6|0x0000000700600000, 0x0000000700600000, 0x0000000700700000|  0%| F|  |TAMS 0x0000000700600000, 0x0000000700600000| Untracked 
|   7|0x0000000700700000, 0x0000000700700000, 0x0000000700800000|  0%| F|  |TAMS 0x0000000700700000, 0x0000000700700000| Untracked 
|   8|0x0000000700800000, 0x0000000700800000, 0x0000000700900000|  0%| F|  |TAMS 0x0000000700800000, 0x0000000700800000| Untracked 
|   9|0x0000000700900000, 0x0000000700900000, 0x0000000700a00000|  0%| F|  |TAMS 0x0000000700900000, 0x0000000700900000| Untracked 
|  10|0x0000000700a00000, 0x0000000700a00000, 0x0000000700b00000|  0%| F|  |TAMS 0x0000000700a00000, 0x0000000700a00000| Untracked 
|  11|0x0000000700b00000, 0x0000000700b00000, 0x0000000700c00000|  0%| F|  |TAMS 0x0000000700b00000, 0x0000000700b00000| Untracked 
|  12|0x0000000700c00000, 0x0000000700c00000, 0x0000000700d00000|  0%| F|  |TAMS 0x0000000700c00000, 0x0000000700c00000| Untracked 
|  13|0x0000000700d00000, 0x0000000700d00000, 0x0000000700e00000|  0%| F|  |TAMS 0x0000000700d00000, 0x0000000700d00000| Untracked 
|  14|0x0000000700e00000, 0x0000000700e00000, 0x0000000700f00000|  0%| F|  |TAMS 0x0000000700e00000, 0x0000000700e00000| Untracked 
|  15|0x0000000700f00000, 0x0000000700f00000, 0x0000000701000000|  0%| F|  |TAMS 0x0000000700f00000, 0x0000000700f00000| Untracked 
|  16|0x0000000701000000, 0x0000000701000000, 0x0000000701100000|  0%| F|  |TAMS 0x0000000701000000, 0x0000000701000000| Untracked 
|  17|0x0000000701100000, 0x0000000701100000, 0x0000000701200000|  0%| F|  |TAMS 0x0000000701100000, 0x0000000701100000| Untracked 
|  18|0x0000000701200000, 0x0000000701200000, 0x0000000701300000|  0%| F|  |TAMS 0x0000000701200000, 0x0000000701200000| Untracked 
|  19|0x0000000701300000, 0x0000000701300000, 0x0000000701400000|  0%| F|  |TAMS 0x0000000701300000, 0x0000000701300000| Untracked 
|  20|0x0000000701400000, 0x0000000701400000, 0x0000000701500000|  0%| F|  |TAMS 0x0000000701400000, 0x0000000701400000| Untracked 
|  21|0x0000000701500000, 0x0000000701500000, 0x0000000701600000|  0%| F|  |TAMS 0x0000000701500000, 0x0000000701500000| Untracked 
|  22|0x0000000701600000, 0x0000000701600000, 0x0000000701700000|  0%| F|  |TAMS 0x0000000701600000, 0x0000000701600000| Untracked 
|  23|0x0000000701700000, 0x0000000701700000, 0x0000000701800000|  0%| F|  |TAMS 0x0000000701700000, 0x0000000701700000| Untracked 
|  24|0x0000000701800000, 0x0000000701800000, 0x0000000701900000|  0%| F|  |TAMS 0x0000000701800000, 0x0000000701800000| Untracked 
|  25|0x0000000701900000, 0x0000000701900000, 0x0000000701a00000|  0%| F|  |TAMS 0x0000000701900000, 0x0000000701900000| Untracked 
|  26|0x0000000701a00000, 0x0000000701a00000, 0x0000000701b00000|  0%| F|  |TAMS 0x0000000701a00000, 0x0000000701a00000| Untracked 
|  27|0x0000000701b00000, 0x0000000701b00000, 0x0000000701c00000|  0%| F|  |TAMS 0x0000000701b00000, 0x0000000701b00000| Untracked 
|  28|0x0000000701c00000, 0x0000000701c00000, 0x0000000701d00000|  0%| F|  |TAMS 0x0000000701c00000, 0x0000000701c00000| Untracked 
|  29|0x0000000701d00000, 0x0000000701d00000, 0x0000000701e00000|  0%| F|  |TAMS 0x0000000701d00000, 0x0000000701d00000| Untracked 
|  30|0x0000000701e00000, 0x0000000701e00000, 0x0000000701f00000|  0%| F|  |TAMS 0x0000000701e00000, 0x0000000701e00000| Untracked 
|  31|0x0000000701f00000, 0x0000000701f00000, 0x0000000702000000|  0%| F|  |TAMS 0x0000000701f00000, 0x0000000701f00000| Untracked 
|  32|0x0000000702000000, 0x0000000702000000, 0x0000000702100000|  0%| F|  |TAMS 0x0000000702000000, 0x0000000702000000| Untracked 
|  33|0x0000000702100000, 0x0000000702100000, 0x0000000702200000|  0%| F|  |TAMS 0x0000000702100000, 0x0000000702100000| Untracked 
|  34|0x0000000702200000, 0x0000000702200000, 0x0000000702300000|  0%| F|  |TAMS 0x0000000702200000, 0x0000000702200000| Untracked 
|  35|0x0000000702300000, 0x0000000702300000, 0x0000000702400000|  0%| F|  |TAMS 0x0000000702300000, 0x0000000702300000| Untracked 
|  36|0x0000000702400000, 0x0000000702400000, 0x0000000702500000|  0%| F|  |TAMS 0x0000000702400000, 0x0000000702400000| Untracked 
|  37|0x0000000702500000, 0x0000000702500000, 0x0000000702600000|  0%| F|  |TAMS 0x0000000702500000, 0x0000000702500000| Untracked 
|  38|0x0000000702600000, 0x0000000702600000, 0x0000000702700000|  0%| F|  |TAMS 0x0000000702600000, 0x0000000702600000| Untracked 
|  39|0x0000000702700000, 0x0000000702700000, 0x0000000702800000|  0%| F|  |TAMS 0x0000000702700000, 0x0000000702700000| Untracked 
|  40|0x0000000702800000, 0x0000000702800000, 0x0000000702900000|  0%| F|  |TAMS 0x0000000702800000, 0x0000000702800000| Untracked 
|  41|0x0000000702900000, 0x0000000702900000, 0x0000000702a00000|  0%| F|  |TAMS 0x0000000702900000, 0x0000000702900000| Untracked 
|  42|0x0000000702a00000, 0x0000000702a00000, 0x0000000702b00000|  0%| F|  |TAMS 0x0000000702a00000, 0x0000000702a00000| Untracked 
|  43|0x0000000702b00000, 0x0000000702b00000, 0x0000000702c00000|  0%| F|  |TAMS 0x0000000702b00000, 0x0000000702b00000| Untracked 
|  44|0x0000000702c00000, 0x0000000702c00000, 0x0000000702d00000|  0%| F|  |TAMS 0x0000000702c00000, 0x0000000702c00000| Untracked 
|  45|0x0000000702d00000, 0x0000000702d00000, 0x0000000702e00000|  0%| F|  |TAMS 0x0000000702d00000, 0x0000000702d00000| Untracked 
|  46|0x0000000702e00000, 0x0000000702e00000, 0x0000000702f00000|  0%| F|  |TAMS 0x0000000702e00000, 0x0000000702e00000| Untracked 
|  47|0x0000000702f00000, 0x0000000702f00000, 0x0000000703000000|  0%| F|  |TAMS 0x0000000702f00000, 0x0000000702f00000| Untracked 
|  48|0x0000000703000000, 0x0000000703000000, 0x0000000703100000|  0%| F|  |TAMS 0x0000000703000000, 0x0000000703000000| Untracked 
|  49|0x0000000703100000, 0x0000000703100000, 0x0000000703200000|  0%| F|  |TAMS 0x0000000703100000, 0x0000000703100000| Untracked 
|  50|0x0000000703200000, 0x0000000703200000, 0x0000000703300000|  0%| F|  |TAMS 0x0000000703200000, 0x0000000703200000| Untracked 
|  51|0x0000000703300000, 0x0000000703300000, 0x0000000703400000|  0%| F|  |TAMS 0x0000000703300000, 0x0000000703300000| Untracked 
|  52|0x0000000703400000, 0x0000000703400000, 0x0000000703500000|  0%| F|  |TAMS 0x0000000703400000, 0x0000000703400000| Untracked 
|  53|0x0000000703500000, 0x0000000703500000, 0x0000000703600000|  0%| F|  |TAMS 0x0000000703500000, 0x0000000703500000| Untracked 
|  54|0x0000000703600000, 0x0000000703600000, 0x0000000703700000|  0%| F|  |TAMS 0x0000000703600000, 0x0000000703600000| Untracked 
|  55|0x0000000703700000, 0x0000000703700000, 0x0000000703800000|  0%| F|  |TAMS 0x0000000703700000, 0x0000000703700000| Untracked 
|  56|0x0000000703800000, 0x0000000703800000, 0x0000000703900000|  0%| F|  |TAMS 0x0000000703800000, 0x0000000703800000| Untracked 
|  57|0x0000000703900000, 0x0000000703900000, 0x0000000703a00000|  0%| F|  |TAMS 0x0000000703900000, 0x0000000703900000| Untracked 
|  58|0x0000000703a00000, 0x0000000703a00000, 0x0000000703b00000|  0%| F|  |TAMS 0x0000000703a00000, 0x0000000703a00000| Untracked 
|  59|0x0000000703b00000, 0x0000000703b00000, 0x0000000703c00000|  0%| F|  |TAMS 0x0000000703b00000, 0x0000000703b00000| Untracked 
|  60|0x0000000703c00000, 0x0000000703c00000, 0x0000000703d00000|  0%| F|  |TAMS 0x0000000703c00000, 0x0000000703c00000| Untracked 
|  61|0x0000000703d00000, 0x0000000703d00000, 0x0000000703e00000|  0%| F|  |TAMS 0x0000000703d00000, 0x0000000703d00000| Untracked 
|  62|0x0000000703e00000, 0x0000000703e00000, 0x0000000703f00000|  0%| F|  |TAMS 0x0000000703e00000, 0x0000000703e00000| Untracked 
|  63|0x0000000703f00000, 0x0000000703f00000, 0x0000000704000000|  0%| F|  |TAMS 0x0000000703f00000, 0x0000000703f00000| Untracked 
|  64|0x0000000704000000, 0x0000000704000000, 0x0000000704100000|  0%| F|  |TAMS 0x0000000704000000, 0x0000000704000000| Untracked 
|  65|0x0000000704100000, 0x0000000704100000, 0x0000000704200000|  0%| F|  |TAMS 0x0000000704100000, 0x0000000704100000| Untracked 
|  66|0x0000000704200000, 0x0000000704200000, 0x0000000704300000|  0%| F|  |TAMS 0x0000000704200000, 0x0000000704200000| Untracked 
|  67|0x0000000704300000, 0x0000000704300000, 0x0000000704400000|  0%| F|  |TAMS 0x0000000704300000, 0x0000000704300000| Untracked 
|  68|0x0000000704400000, 0x0000000704400000, 0x0000000704500000|  0%| F|  |TAMS 0x0000000704400000, 0x0000000704400000| Untracked 
|  69|0x0000000704500000, 0x0000000704500000, 0x0000000704600000|  0%| F|  |TAMS 0x0000000704500000, 0x0000000704500000| Untracked 
|  70|0x0000000704600000, 0x0000000704600000, 0x0000000704700000|  0%| F|  |TAMS 0x0000000704600000, 0x0000000704600000| Untracked 
|  71|0x0000000704700000, 0x0000000704700000, 0x0000000704800000|  0%| F|  |TAMS 0x0000000704700000, 0x0000000704700000| Untracked 
|  72|0x0000000704800000, 0x0000000704800000, 0x0000000704900000|  0%| F|  |TAMS 0x0000000704800000, 0x0000000704800000| Untracked 
|  73|0x0000000704900000, 0x0000000704900000, 0x0000000704a00000|  0%| F|  |TAMS 0x0000000704900000, 0x0000000704900000| Untracked 
|  74|0x0000000704a00000, 0x0000000704a00000, 0x0000000704b00000|  0%| F|  |TAMS 0x0000000704a00000, 0x0000000704a00000| Untracked 
|  75|0x0000000704b00000, 0x0000000704b00000, 0x0000000704c00000|  0%| F|  |TAMS 0x0000000704b00000, 0x0000000704b00000| Untracked 
|  76|0x0000000704c00000, 0x0000000704c00000, 0x0000000704d00000|  0%| F|  |TAMS 0x0000000704c00000, 0x0000000704c00000| Untracked 
|  77|0x0000000704d00000, 0x0000000704d00000, 0x0000000704e00000|  0%| F|  |TAMS 0x0000000704d00000, 0x0000000704d00000| Untracked 
|  78|0x0000000704e00000, 0x0000000704e00000, 0x0000000704f00000|  0%| F|  |TAMS 0x0000000704e00000, 0x0000000704e00000| Untracked 
|  79|0x0000000704f00000, 0x0000000704f00000, 0x0000000705000000|  0%| F|  |TAMS 0x0000000704f00000, 0x0000000704f00000| Untracked 
|  80|0x0000000705000000, 0x0000000705000000, 0x0000000705100000|  0%| F|  |TAMS 0x0000000705000000, 0x0000000705000000| Untracked 
|  81|0x0000000705100000, 0x0000000705100000, 0x0000000705200000|  0%| F|  |TAMS 0x0000000705100000, 0x0000000705100000| Untracked 
|  82|0x0000000705200000, 0x0000000705200000, 0x0000000705300000|  0%| F|  |TAMS 0x0000000705200000, 0x0000000705200000| Untracked 
|  83|0x0000000705300000, 0x0000000705300000, 0x0000000705400000|  0%| F|  |TAMS 0x0000000705300000, 0x0000000705300000| Untracked 
|  84|0x0000000705400000, 0x0000000705400000, 0x0000000705500000|  0%| F|  |TAMS 0x0000000705400000, 0x0000000705400000| Untracked 
|  85|0x0000000705500000, 0x0000000705500000, 0x0000000705600000|  0%| F|  |TAMS 0x0000000705500000, 0x0000000705500000| Untracked 
|  86|0x0000000705600000, 0x0000000705600000, 0x0000000705700000|  0%| F|  |TAMS 0x0000000705600000, 0x0000000705600000| Untracked 
|  87|0x0000000705700000, 0x0000000705700000, 0x0000000705800000|  0%| F|  |TAMS 0x0000000705700000, 0x0000000705700000| Untracked 
|  88|0x0000000705800000, 0x0000000705800000, 0x0000000705900000|  0%| F|  |TAMS 0x0000000705800000, 0x0000000705800000| Untracked 
|  89|0x0000000705900000, 0x0000000705900000, 0x0000000705a00000|  0%| F|  |TAMS 0x0000000705900000, 0x0000000705900000| Untracked 
|  90|0x0000000705a00000, 0x0000000705a00000, 0x0000000705b00000|  0%| F|  |TAMS 0x0000000705a00000, 0x0000000705a00000| Untracked 
|  91|0x0000000705b00000, 0x0000000705b00000, 0x0000000705c00000|  0%| F|  |TAMS 0x0000000705b00000, 0x0000000705b00000| Untracked 
|  92|0x0000000705c00000, 0x0000000705c00000, 0x0000000705d00000|  0%| F|  |TAMS 0x0000000705c00000, 0x0000000705c00000| Untracked 
|  93|0x0000000705d00000, 0x0000000705d00000, 0x0000000705e00000|  0%| F|  |TAMS 0x0000000705d00000, 0x0000000705d00000| Untracked 
|  94|0x0000000705e00000, 0x0000000705e00000, 0x0000000705f00000|  0%| F|  |TAMS 0x0000000705e00000, 0x0000000705e00000| Untracked 
|  95|0x0000000705f00000, 0x0000000705f00000, 0x0000000706000000|  0%| F|  |TAMS 0x0000000705f00000, 0x0000000705f00000| Untracked 
|  96|0x0000000706000000, 0x0000000706000000, 0x0000000706100000|  0%| F|  |TAMS 0x0000000706000000, 0x0000000706000000| Untracked 
|  97|0x0000000706100000, 0x0000000706100000, 0x0000000706200000|  0%| F|  |TAMS 0x0000000706100000, 0x0000000706100000| Untracked 
|  98|0x0000000706200000, 0x0000000706200000, 0x0000000706300000|  0%| F|  |TAMS 0x0000000706200000, 0x0000000706200000| Untracked 
|  99|0x0000000706300000, 0x0000000706300000, 0x0000000706400000|  0%| F|  |TAMS 0x0000000706300000, 0x0000000706300000| Untracked 
| 100|0x0000000706400000, 0x0000000706400000, 0x0000000706500000|  0%| F|  |TAMS 0x0000000706400000, 0x0000000706400000| Untracked 
| 101|0x0000000706500000, 0x0000000706500000, 0x0000000706600000|  0%| F|  |TAMS 0x0000000706500000, 0x0000000706500000| Untracked 
| 102|0x0000000706600000, 0x0000000706600000, 0x0000000706700000|  0%| F|  |TAMS 0x0000000706600000, 0x0000000706600000| Untracked 
| 103|0x0000000706700000, 0x0000000706700000, 0x0000000706800000|  0%| F|  |TAMS 0x0000000706700000, 0x0000000706700000| Untracked 
| 104|0x0000000706800000, 0x0000000706800000, 0x0000000706900000|  0%| F|  |TAMS 0x0000000706800000, 0x0000000706800000| Untracked 
| 105|0x0000000706900000, 0x0000000706900000, 0x0000000706a00000|  0%| F|  |TAMS 0x0000000706900000, 0x0000000706900000| Untracked 
| 106|0x0000000706a00000, 0x0000000706a00000, 0x0000000706b00000|  0%| F|  |TAMS 0x0000000706a00000, 0x0000000706a00000| Untracked 
| 107|0x0000000706b00000, 0x0000000706b00000, 0x0000000706c00000|  0%| F|  |TAMS 0x0000000706b00000, 0x0000000706b00000| Untracked 
| 108|0x0000000706c00000, 0x0000000706c00000, 0x0000000706d00000|  0%| F|  |TAMS 0x0000000706c00000, 0x0000000706c00000| Untracked 
| 109|0x0000000706d00000, 0x0000000706d00000, 0x0000000706e00000|  0%| F|  |TAMS 0x0000000706d00000, 0x0000000706d00000| Untracked 
| 110|0x0000000706e00000, 0x0000000706e00000, 0x0000000706f00000|  0%| F|  |TAMS 0x0000000706e00000, 0x0000000706e00000| Untracked 
| 111|0x0000000706f00000, 0x0000000706f00000, 0x0000000707000000|  0%| F|  |TAMS 0x0000000706f00000, 0x0000000706f00000| Untracked 
| 112|0x0000000707000000, 0x0000000707000000, 0x0000000707100000|  0%| F|  |TAMS 0x0000000707000000, 0x0000000707000000| Untracked 
| 113|0x0000000707100000, 0x0000000707100000, 0x0000000707200000|  0%| F|  |TAMS 0x0000000707100000, 0x0000000707100000| Untracked 
| 114|0x0000000707200000, 0x0000000707200000, 0x0000000707300000|  0%| F|  |TAMS 0x0000000707200000, 0x0000000707200000| Untracked 
| 115|0x0000000707300000, 0x0000000707300000, 0x0000000707400000|  0%| F|  |TAMS 0x0000000707300000, 0x0000000707300000| Untracked 
| 116|0x0000000707400000, 0x0000000707400000, 0x0000000707500000|  0%| F|  |TAMS 0x0000000707400000, 0x0000000707400000| Untracked 
| 117|0x0000000707500000, 0x0000000707500000, 0x0000000707600000|  0%| F|  |TAMS 0x0000000707500000, 0x0000000707500000| Untracked 
| 118|0x0000000707600000, 0x0000000707600000, 0x0000000707700000|  0%| F|  |TAMS 0x0000000707600000, 0x0000000707600000| Untracked 
| 119|0x0000000707700000, 0x0000000707700000, 0x0000000707800000|  0%| F|  |TAMS 0x0000000707700000, 0x0000000707700000| Untracked 
| 120|0x0000000707800000, 0x0000000707800000, 0x0000000707900000|  0%| F|  |TAMS 0x0000000707800000, 0x0000000707800000| Untracked 
| 121|0x0000000707900000, 0x0000000707900000, 0x0000000707a00000|  0%| F|  |TAMS 0x0000000707900000, 0x0000000707900000| Untracked 
| 122|0x0000000707a00000, 0x0000000707a00000, 0x0000000707b00000|  0%| F|  |TAMS 0x0000000707a00000, 0x0000000707a00000| Untracked 
| 123|0x0000000707b00000, 0x0000000707b00000, 0x0000000707c00000|  0%| F|  |TAMS 0x0000000707b00000, 0x0000000707b00000| Untracked 
| 124|0x0000000707c00000, 0x0000000707c00000, 0x0000000707d00000|  0%| F|  |TAMS 0x0000000707c00000, 0x0000000707c00000| Untracked 
| 125|0x0000000707d00000, 0x0000000707d00000, 0x0000000707e00000|  0%| F|  |TAMS 0x0000000707d00000, 0x0000000707d00000| Untracked 
| 126|0x0000000707e00000, 0x0000000707e00000, 0x0000000707f00000|  0%| F|  |TAMS 0x0000000707e00000, 0x0000000707e00000| Untracked 
| 127|0x0000000707f00000, 0x0000000707f00000, 0x0000000708000000|  0%| F|  |TAMS 0x0000000707f00000, 0x0000000707f00000| Untracked 
| 128|0x0000000708000000, 0x0000000708000000, 0x0000000708100000|  0%| F|  |TAMS 0x0000000708000000, 0x0000000708000000| Untracked 
| 129|0x0000000708100000, 0x0000000708100000, 0x0000000708200000|  0%| F|  |TAMS 0x0000000708100000, 0x0000000708100000| Untracked 
| 130|0x0000000708200000, 0x0000000708200000, 0x0000000708300000|  0%| F|  |TAMS 0x0000000708200000, 0x0000000708200000| Untracked 
| 131|0x0000000708300000, 0x0000000708300000, 0x0000000708400000|  0%| F|  |TAMS 0x0000000708300000, 0x0000000708300000| Untracked 
| 132|0x0000000708400000, 0x0000000708400000, 0x0000000708500000|  0%| F|  |TAMS 0x0000000708400000, 0x0000000708400000| Untracked 
| 133|0x0000000708500000, 0x0000000708500000, 0x0000000708600000|  0%| F|  |TAMS 0x0000000708500000, 0x0000000708500000| Untracked 
| 134|0x0000000708600000, 0x0000000708600000, 0x0000000708700000|  0%| F|  |TAMS 0x0000000708600000, 0x0000000708600000| Untracked 
| 135|0x0000000708700000, 0x0000000708700000, 0x0000000708800000|  0%| F|  |TAMS 0x0000000708700000, 0x0000000708700000| Untracked 
| 136|0x0000000708800000, 0x0000000708800000, 0x0000000708900000|  0%| F|  |TAMS 0x0000000708800000, 0x0000000708800000| Untracked 
| 137|0x0000000708900000, 0x0000000708900000, 0x0000000708a00000|  0%| F|  |TAMS 0x0000000708900000, 0x0000000708900000| Untracked 
| 138|0x0000000708a00000, 0x0000000708a00000, 0x0000000708b00000|  0%| F|  |TAMS 0x0000000708a00000, 0x0000000708a00000| Untracked 
| 139|0x0000000708b00000, 0x0000000708b00000, 0x0000000708c00000|  0%| F|  |TAMS 0x0000000708b00000, 0x0000000708b00000| Untracked 
| 140|0x0000000708c00000, 0x0000000708c00000, 0x0000000708d00000|  0%| F|  |TAMS 0x0000000708c00000, 0x0000000708c00000| Untracked 
| 141|0x0000000708d00000, 0x0000000708d00000, 0x0000000708e00000|  0%| F|  |TAMS 0x0000000708d00000, 0x0000000708d00000| Untracked 
| 142|0x0000000708e00000, 0x0000000708e00000, 0x0000000708f00000|  0%| F|  |TAMS 0x0000000708e00000, 0x0000000708e00000| Untracked 
| 143|0x0000000708f00000, 0x0000000708f00000, 0x0000000709000000|  0%| F|  |TAMS 0x0000000708f00000, 0x0000000708f00000| Untracked 
| 144|0x0000000709000000, 0x0000000709000000, 0x0000000709100000|  0%| F|  |TAMS 0x0000000709000000, 0x0000000709000000| Untracked 
| 145|0x0000000709100000, 0x0000000709100000, 0x0000000709200000|  0%| F|  |TAMS 0x0000000709100000, 0x0000000709100000| Untracked 
| 146|0x0000000709200000, 0x0000000709200000, 0x0000000709300000|  0%| F|  |TAMS 0x0000000709200000, 0x0000000709200000| Untracked 
| 147|0x0000000709300000, 0x0000000709300000, 0x0000000709400000|  0%| F|  |TAMS 0x0000000709300000, 0x0000000709300000| Untracked 
| 148|0x0000000709400000, 0x0000000709400000, 0x0000000709500000|  0%| F|  |TAMS 0x0000000709400000, 0x0000000709400000| Untracked 
| 149|0x0000000709500000, 0x0000000709500000, 0x0000000709600000|  0%| F|  |TAMS 0x0000000709500000, 0x0000000709500000| Untracked 
| 150|0x0000000709600000, 0x0000000709600000, 0x0000000709700000|  0%| F|  |TAMS 0x0000000709600000, 0x0000000709600000| Untracked 
| 151|0x0000000709700000, 0x0000000709700000, 0x0000000709800000|  0%| F|  |TAMS 0x0000000709700000, 0x0000000709700000| Untracked 
| 152|0x0000000709800000, 0x0000000709800000, 0x0000000709900000|  0%| F|  |TAMS 0x0000000709800000, 0x0000000709800000| Untracked 
| 153|0x0000000709900000, 0x0000000709900000, 0x0000000709a00000|  0%| F|  |TAMS 0x0000000709900000, 0x0000000709900000| Untracked 
| 154|0x0000000709a00000, 0x0000000709a00000, 0x0000000709b00000|  0%| F|  |TAMS 0x0000000709a00000, 0x0000000709a00000| Untracked 
| 155|0x0000000709b00000, 0x0000000709b00000, 0x0000000709c00000|  0%| F|  |TAMS 0x0000000709b00000, 0x0000000709b00000| Untracked 
| 156|0x0000000709c00000, 0x0000000709c00000, 0x0000000709d00000|  0%| F|  |TAMS 0x0000000709c00000, 0x0000000709c00000| Untracked 
| 157|0x0000000709d00000, 0x0000000709d00000, 0x0000000709e00000|  0%| F|  |TAMS 0x0000000709d00000, 0x0000000709d00000| Untracked 
| 158|0x0000000709e00000, 0x0000000709e00000, 0x0000000709f00000|  0%| F|  |TAMS 0x0000000709e00000, 0x0000000709e00000| Untracked 
| 159|0x0000000709f00000, 0x0000000709f00000, 0x000000070a000000|  0%| F|  |TAMS 0x0000000709f00000, 0x0000000709f00000| Untracked 
| 160|0x000000070a000000, 0x000000070a000000, 0x000000070a100000|  0%| F|  |TAMS 0x000000070a000000, 0x000000070a000000| Untracked 
| 161|0x000000070a100000, 0x000000070a100000, 0x000000070a200000|  0%| F|  |TAMS 0x000000070a100000, 0x000000070a100000| Untracked 
| 162|0x000000070a200000, 0x000000070a200000, 0x000000070a300000|  0%| F|  |TAMS 0x000000070a200000, 0x000000070a200000| Untracked 
| 163|0x000000070a300000, 0x000000070a300000, 0x000000070a400000|  0%| F|  |TAMS 0x000000070a300000, 0x000000070a300000| Untracked 
| 164|0x000000070a400000, 0x000000070a400000, 0x000000070a500000|  0%| F|  |TAMS 0x000000070a400000, 0x000000070a400000| Untracked 
| 165|0x000000070a500000, 0x000000070a500000, 0x000000070a600000|  0%| F|  |TAMS 0x000000070a500000, 0x000000070a500000| Untracked 
| 166|0x000000070a600000, 0x000000070a600000, 0x000000070a700000|  0%| F|  |TAMS 0x000000070a600000, 0x000000070a600000| Untracked 
| 167|0x000000070a700000, 0x000000070a700000, 0x000000070a800000|  0%| F|  |TAMS 0x000000070a700000, 0x000000070a700000| Untracked 
| 168|0x000000070a800000, 0x000000070a800000, 0x000000070a900000|  0%| F|  |TAMS 0x000000070a800000, 0x000000070a800000| Untracked 
| 169|0x000000070a900000, 0x000000070a900000, 0x000000070aa00000|  0%| F|  |TAMS 0x000000070a900000, 0x000000070a900000| Untracked 
| 170|0x000000070aa00000, 0x000000070aa00000, 0x000000070ab00000|  0%| F|  |TAMS 0x000000070aa00000, 0x000000070aa00000| Untracked 
| 171|0x000000070ab00000, 0x000000070ab00000, 0x000000070ac00000|  0%| F|  |TAMS 0x000000070ab00000, 0x000000070ab00000| Untracked 
| 172|0x000000070ac00000, 0x000000070ac00000, 0x000000070ad00000|  0%| F|  |TAMS 0x000000070ac00000, 0x000000070ac00000| Untracked 
| 173|0x000000070ad00000, 0x000000070ad00000, 0x000000070ae00000|  0%| F|  |TAMS 0x000000070ad00000, 0x000000070ad00000| Untracked 
| 174|0x000000070ae00000, 0x000000070ae00000, 0x000000070af00000|  0%| F|  |TAMS 0x000000070ae00000, 0x000000070ae00000| Untracked 
| 175|0x000000070af00000, 0x000000070af00000, 0x000000070b000000|  0%| F|  |TAMS 0x000000070af00000, 0x000000070af00000| Untracked 
| 176|0x000000070b000000, 0x000000070b000000, 0x000000070b100000|  0%| F|  |TAMS 0x000000070b000000, 0x000000070b000000| Untracked 
| 177|0x000000070b100000, 0x000000070b100000, 0x000000070b200000|  0%| F|  |TAMS 0x000000070b100000, 0x000000070b100000| Untracked 
| 178|0x000000070b200000, 0x000000070b200000, 0x000000070b300000|  0%| F|  |TAMS 0x000000070b200000, 0x000000070b200000| Untracked 
| 179|0x000000070b300000, 0x000000070b300000, 0x000000070b400000|  0%| F|  |TAMS 0x000000070b300000, 0x000000070b300000| Untracked 
| 180|0x000000070b400000, 0x000000070b400000, 0x000000070b500000|  0%| F|  |TAMS 0x000000070b400000, 0x000000070b400000| Untracked 
| 181|0x000000070b500000, 0x000000070b500000, 0x000000070b600000|  0%| F|  |TAMS 0x000000070b500000, 0x000000070b500000| Untracked 
| 182|0x000000070b600000, 0x000000070b600000, 0x000000070b700000|  0%| F|  |TAMS 0x000000070b600000, 0x000000070b600000| Untracked 
| 183|0x000000070b700000, 0x000000070b700000, 0x000000070b800000|  0%| F|  |TAMS 0x000000070b700000, 0x000000070b700000| Untracked 
| 184|0x000000070b800000, 0x000000070b800000, 0x000000070b900000|  0%| F|  |TAMS 0x000000070b800000, 0x000000070b800000| Untracked 
| 185|0x000000070b900000, 0x000000070b900000, 0x000000070ba00000|  0%| F|  |TAMS 0x000000070b900000, 0x000000070b900000| Untracked 
| 186|0x000000070ba00000, 0x000000070ba00000, 0x000000070bb00000|  0%| F|  |TAMS 0x000000070ba00000, 0x000000070ba00000| Untracked 
| 187|0x000000070bb00000, 0x000000070bb00000, 0x000000070bc00000|  0%| F|  |TAMS 0x000000070bb00000, 0x000000070bb00000| Untracked 
| 188|0x000000070bc00000, 0x000000070bc00000, 0x000000070bd00000|  0%| F|  |TAMS 0x000000070bc00000, 0x000000070bc00000| Untracked 
| 189|0x000000070bd00000, 0x000000070bd00000, 0x000000070be00000|  0%| F|  |TAMS 0x000000070bd00000, 0x000000070bd00000| Untracked 
| 190|0x000000070be00000, 0x000000070be00000, 0x000000070bf00000|  0%| F|  |TAMS 0x000000070be00000, 0x000000070be00000| Untracked 
| 191|0x000000070bf00000, 0x000000070bf00000, 0x000000070c000000|  0%| F|  |TAMS 0x000000070bf00000, 0x000000070bf00000| Untracked 
| 192|0x000000070c000000, 0x000000070c000000, 0x000000070c100000|  0%| F|  |TAMS 0x000000070c000000, 0x000000070c000000| Untracked 
| 193|0x000000070c100000, 0x000000070c100000, 0x000000070c200000|  0%| F|  |TAMS 0x000000070c100000, 0x000000070c100000| Untracked 
| 194|0x000000070c200000, 0x000000070c200000, 0x000000070c300000|  0%| F|  |TAMS 0x000000070c200000, 0x000000070c200000| Untracked 
| 195|0x000000070c300000, 0x000000070c300000, 0x000000070c400000|  0%| F|  |TAMS 0x000000070c300000, 0x000000070c300000| Untracked 
| 196|0x000000070c400000, 0x000000070c400000, 0x000000070c500000|  0%| F|  |TAMS 0x000000070c400000, 0x000000070c400000| Untracked 
| 197|0x000000070c500000, 0x000000070c500000, 0x000000070c600000|  0%| F|  |TAMS 0x000000070c500000, 0x000000070c500000| Untracked 
| 198|0x000000070c600000, 0x000000070c600000, 0x000000070c700000|  0%| F|  |TAMS 0x000000070c600000, 0x000000070c600000| Untracked 
| 199|0x000000070c700000, 0x000000070c700000, 0x000000070c800000|  0%| F|  |TAMS 0x000000070c700000, 0x000000070c700000| Untracked 
| 200|0x000000070c800000, 0x000000070c800000, 0x000000070c900000|  0%| F|  |TAMS 0x000000070c800000, 0x000000070c800000| Untracked 
| 201|0x000000070c900000, 0x000000070c900000, 0x000000070ca00000|  0%| F|  |TAMS 0x000000070c900000, 0x000000070c900000| Untracked 
| 202|0x000000070ca00000, 0x000000070ca00000, 0x000000070cb00000|  0%| F|  |TAMS 0x000000070ca00000, 0x000000070ca00000| Untracked 
| 203|0x000000070cb00000, 0x000000070cb00000, 0x000000070cc00000|  0%| F|  |TAMS 0x000000070cb00000, 0x000000070cb00000| Untracked 
| 204|0x000000070cc00000, 0x000000070cc00000, 0x000000070cd00000|  0%| F|  |TAMS 0x000000070cc00000, 0x000000070cc00000| Untracked 
| 205|0x000000070cd00000, 0x000000070cd00000, 0x000000070ce00000|  0%| F|  |TAMS 0x000000070cd00000, 0x000000070cd00000| Untracked 
| 206|0x000000070ce00000, 0x000000070ce00000, 0x000000070cf00000|  0%| F|  |TAMS 0x000000070ce00000, 0x000000070ce00000| Untracked 
| 207|0x000000070cf00000, 0x000000070cf00000, 0x000000070d000000|  0%| F|  |TAMS 0x000000070cf00000, 0x000000070cf00000| Untracked 
| 208|0x000000070d000000, 0x000000070d000000, 0x000000070d100000|  0%| F|  |TAMS 0x000000070d000000, 0x000000070d000000| Untracked 
| 209|0x000000070d100000, 0x000000070d100000, 0x000000070d200000|  0%| F|  |TAMS 0x000000070d100000, 0x000000070d100000| Untracked 
| 210|0x000000070d200000, 0x000000070d200000, 0x000000070d300000|  0%| F|  |TAMS 0x000000070d200000, 0x000000070d200000| Untracked 
| 211|0x000000070d300000, 0x000000070d300000, 0x000000070d400000|  0%| F|  |TAMS 0x000000070d300000, 0x000000070d300000| Untracked 
| 212|0x000000070d400000, 0x000000070d400000, 0x000000070d500000|  0%| F|  |TAMS 0x000000070d400000, 0x000000070d400000| Untracked 
| 213|0x000000070d500000, 0x000000070d500000, 0x000000070d600000|  0%| F|  |TAMS 0x000000070d500000, 0x000000070d500000| Untracked 
| 214|0x000000070d600000, 0x000000070d600000, 0x000000070d700000|  0%| F|  |TAMS 0x000000070d600000, 0x000000070d600000| Untracked 
| 215|0x000000070d700000, 0x000000070d700000, 0x000000070d800000|  0%| F|  |TAMS 0x000000070d700000, 0x000000070d700000| Untracked 
| 216|0x000000070d800000, 0x000000070d800000, 0x000000070d900000|  0%| F|  |TAMS 0x000000070d800000, 0x000000070d800000| Untracked 
| 217|0x000000070d900000, 0x000000070d900000, 0x000000070da00000|  0%| F|  |TAMS 0x000000070d900000, 0x000000070d900000| Untracked 
| 218|0x000000070da00000, 0x000000070da00000, 0x000000070db00000|  0%| F|  |TAMS 0x000000070da00000, 0x000000070da00000| Untracked 
| 219|0x000000070db00000, 0x000000070db00000, 0x000000070dc00000|  0%| F|  |TAMS 0x000000070db00000, 0x000000070db00000| Untracked 
| 220|0x000000070dc00000, 0x000000070dc00000, 0x000000070dd00000|  0%| F|  |TAMS 0x000000070dc00000, 0x000000070dc00000| Untracked 
| 221|0x000000070dd00000, 0x000000070dd00000, 0x000000070de00000|  0%| F|  |TAMS 0x000000070dd00000, 0x000000070dd00000| Untracked 
| 222|0x000000070de00000, 0x000000070de00000, 0x000000070df00000|  0%| F|  |TAMS 0x000000070de00000, 0x000000070de00000| Untracked 
| 223|0x000000070df00000, 0x000000070df00000, 0x000000070e000000|  0%| F|  |TAMS 0x000000070df00000, 0x000000070df00000| Untracked 
| 224|0x000000070e000000, 0x000000070e000000, 0x000000070e100000|  0%| F|  |TAMS 0x000000070e000000, 0x000000070e000000| Untracked 
| 225|0x000000070e100000, 0x000000070e100000, 0x000000070e200000|  0%| F|  |TAMS 0x000000070e100000, 0x000000070e100000| Untracked 
| 226|0x000000070e200000, 0x000000070e200000, 0x000000070e300000|  0%| F|  |TAMS 0x000000070e200000, 0x000000070e200000| Untracked 
| 227|0x000000070e300000, 0x000000070e300000, 0x000000070e400000|  0%| F|  |TAMS 0x000000070e300000, 0x000000070e300000| Untracked 
| 228|0x000000070e400000, 0x000000070e400000, 0x000000070e500000|  0%| F|  |TAMS 0x000000070e400000, 0x000000070e400000| Untracked 
| 229|0x000000070e500000, 0x000000070e500000, 0x000000070e600000|  0%| F|  |TAMS 0x000000070e500000, 0x000000070e500000| Untracked 
| 230|0x000000070e600000, 0x000000070e600000, 0x000000070e700000|  0%| F|  |TAMS 0x000000070e600000, 0x000000070e600000| Untracked 
| 231|0x000000070e700000, 0x000000070e700000, 0x000000070e800000|  0%| F|  |TAMS 0x000000070e700000, 0x000000070e700000| Untracked 
| 232|0x000000070e800000, 0x000000070e800000, 0x000000070e900000|  0%| F|  |TAMS 0x000000070e800000, 0x000000070e800000| Untracked 
| 233|0x000000070e900000, 0x000000070e900000, 0x000000070ea00000|  0%| F|  |TAMS 0x000000070e900000, 0x000000070e900000| Untracked 
| 234|0x000000070ea00000, 0x000000070ea00000, 0x000000070eb00000|  0%| F|  |TAMS 0x000000070ea00000, 0x000000070ea00000| Untracked 
| 235|0x000000070eb00000, 0x000000070eb00000, 0x000000070ec00000|  0%| F|  |TAMS 0x000000070eb00000, 0x000000070eb00000| Untracked 
| 236|0x000000070ec00000, 0x000000070ec00000, 0x000000070ed00000|  0%| F|  |TAMS 0x000000070ec00000, 0x000000070ec00000| Untracked 
| 237|0x000000070ed00000, 0x000000070ed00000, 0x000000070ee00000|  0%| F|  |TAMS 0x000000070ed00000, 0x000000070ed00000| Untracked 
| 238|0x000000070ee00000, 0x000000070ee00000, 0x000000070ef00000|  0%| F|  |TAMS 0x000000070ee00000, 0x000000070ee00000| Untracked 
| 239|0x000000070ef00000, 0x000000070ef00000, 0x000000070f000000|  0%| F|  |TAMS 0x000000070ef00000, 0x000000070ef00000| Untracked 
| 240|0x000000070f000000, 0x000000070f000000, 0x000000070f100000|  0%| F|  |TAMS 0x000000070f000000, 0x000000070f000000| Untracked 
| 241|0x000000070f100000, 0x000000070f100000, 0x000000070f200000|  0%| F|  |TAMS 0x000000070f100000, 0x000000070f100000| Untracked 
| 242|0x000000070f200000, 0x000000070f200000, 0x000000070f300000|  0%| F|  |TAMS 0x000000070f200000, 0x000000070f200000| Untracked 
| 243|0x000000070f300000, 0x000000070f300000, 0x000000070f400000|  0%| F|  |TAMS 0x000000070f300000, 0x000000070f300000| Untracked 
| 244|0x000000070f400000, 0x000000070f476460, 0x000000070f500000| 46%| E|  |TAMS 0x000000070f400000, 0x000000070f400000| Complete 
| 245|0x000000070f500000, 0x000000070f600000, 0x000000070f600000|100%| E|CS|TAMS 0x000000070f500000, 0x000000070f500000| Complete 
| 246|0x000000070f600000, 0x000000070f700000, 0x000000070f700000|100%| E|CS|TAMS 0x000000070f600000, 0x000000070f600000| Complete 
| 247|0x000000070f700000, 0x000000070f800000, 0x000000070f800000|100%| E|CS|TAMS 0x000000070f700000, 0x000000070f700000| Complete 
| 248|0x000000070f800000, 0x000000070f900000, 0x000000070f900000|100%| E|CS|TAMS 0x000000070f800000, 0x000000070f800000| Complete 
| 249|0x000000070f900000, 0x000000070fa00000, 0x000000070fa00000|100%| E|CS|TAMS 0x000000070f900000, 0x000000070f900000| Complete 
| 250|0x000000070fa00000, 0x000000070faffcc0, 0x000000070fb00000| 99%| E|  |TAMS 0x000000070fa00000, 0x000000070fa00000| Complete 
| 251|0x000000070fb00000, 0x000000070fc00000, 0x000000070fc00000|100%| E|CS|TAMS 0x000000070fb00000, 0x000000070fb00000| Complete 
| 252|0x000000070fc00000, 0x000000070fd00000, 0x000000070fd00000|100%| E|CS|TAMS 0x000000070fc00000, 0x000000070fc00000| Complete 
| 253|0x000000070fd00000, 0x000000070fe00000, 0x000000070fe00000|100%| E|CS|TAMS 0x000000070fd00000, 0x000000070fd00000| Complete 
| 254|0x000000070fe00000, 0x000000070ff00000, 0x000000070ff00000|100%| E|CS|TAMS 0x000000070fe00000, 0x000000070fe00000| Complete 
| 255|0x000000070ff00000, 0x0000000710000000, 0x0000000710000000|100%| E|CS|TAMS 0x000000070ff00000, 0x000000070ff00000| Complete 

Card table byte_map: [0x000001c178a10000,0x000001c179210000] _byte_map_base: 0x000001c175210000

Marking Bits (Prev, Next): (CMBitMap*) 0x000001c16057d308, (CMBitMap*) 0x000001c16057d348
 Prev Bits: [0x000001c179a10000, 0x000001c17da10000)
 Next Bits: [0x000001c100000000, 0x000001c104000000)

Polling page: 0x000001c15e500000

Metaspace:

Usage:
  Non-class:      6.70 MB capacity,     4.03 MB ( 60%) used,     2.67 MB ( 40%) free+waste,     4.38 KB ( <1%) overhead. 
      Class:    596.00 KB capacity,   300.08 KB ( 50%) used,   294.48 KB ( 49%) free+waste,     1.44 KB ( <1%) overhead. 
       Both:      7.28 MB capacity,     4.32 MB ( 59%) used,     2.96 MB ( 41%) free+waste,     5.81 KB ( <1%) overhead. 

Virtual space:
  Non-class space:        8.00 MB reserved,       7.00 MB ( 88%) committed 
      Class space:        1.00 GB reserved,     640.00 KB ( <1%) committed 
             Both:        1.01 GB reserved,       7.63 MB ( <1%) committed 

Chunk freelists:
   Non-Class:  118.00 KB
       Class:  12.00 KB
        Both:  130.00 KB

MaxMetaspaceSize: 17179869184.00 GB
CompressedClassSpaceSize: 1.00 GB

CodeHeap 'non-profiled nmethods': size=120000Kb used=455Kb max_used=455Kb free=119544Kb
 bounds [0x000001c170790000, 0x000001c170a00000, 0x000001c177cc0000]
CodeHeap 'profiled nmethods': size=120000Kb used=1897Kb max_used=1897Kb free=118102Kb
 bounds [0x000001c169260000, 0x000001c1694d0000, 0x000001c170790000]
CodeHeap 'non-nmethods': size=5760Kb used=1278Kb max_used=1318Kb free=4481Kb
 bounds [0x000001c168cc0000, 0x000001c168f30000, 0x000001c169260000]
 total_blobs=1534 nmethods=969 adapters=478
 compilation: enabled
              stopped_count=0, restarted_count=0
 full_count=0

Compilation events (20 events):
Event: 78.992 Thread 0x000001c105122000  960       4       java.nio.HeapByteBuffer::byteOffset (7 bytes)
Event: 78.992 Thread 0x000001c105122000 nmethod 960 0x000001c170801b10 code [0x000001c170801c80, 0x000001c170801cf8]
Event: 79.409 Thread 0x000001c105129800  961       3       java.nio.ByteBuffer::clear (5 bytes)
Event: 79.409 Thread 0x000001c105129800 nmethod 961 0x000001c169436410 code [0x000001c1694365c0, 0x000001c1694367a8]
Event: 79.459 Thread 0x000001c105129800  962       3       java.nio.HeapByteBuffer::putLong (32 bytes)
Event: 79.460 Thread 0x000001c105129800 nmethod 962 0x000001c169436890 code [0x000001c169436a80, 0x000001c1694370a8]
Event: 79.460 Thread 0x000001c105129800  963       3       jdk.internal.misc.Unsafe::putLongUnaligned (14 bytes)
Event: 79.460 Thread 0x000001c105129800 nmethod 963 0x000001c169437310 code [0x000001c1694374c0, 0x000001c1694376e8]
Event: 79.460 Thread 0x000001c105129800  964       3       jdk.internal.misc.Unsafe::putLongUnaligned (157 bytes)
Event: 79.460 Thread 0x000001c105129800 nmethod 964 0x000001c169437810 code [0x000001c169437a00, 0x000001c1694380b8]
Event: 79.526 Thread 0x000001c105129800  965       3       org.lwjgl.opengl.WindowsKeyboard::handleKey (116 bytes)
Event: 79.527 Thread 0x000001c105129800 nmethod 965 0x000001c169438210 code [0x000001c169438400, 0x000001c1694389c8]
Event: 79.527 Thread 0x000001c105129800  966       3       org.lwjgl.opengl.WindowsKeyboard::translateExtended (74 bytes)
Event: 79.527 Thread 0x000001c105129800 nmethod 966 0x000001c169438c90 code [0x000001c169438e40, 0x000001c169439118]
Event: 79.543 Thread 0x000001c105129800  967       3       org.lwjgl.opengl.WindowsKeyboard::putEvent (68 bytes)
Event: 79.543 Thread 0x000001c105129800 nmethod 967 0x000001c169439190 code [0x000001c1694393c0, 0x000001c169439b98]
Event: 79.543 Thread 0x000001c105129800  968       3       org.lwjgl.input.Keyboard$KeyEvent::access$302 (7 bytes)
Event: 79.543 Thread 0x000001c105129800 nmethod 968 0x000001c169439e90 code [0x000001c16943a020, 0x000001c16943a118]
Event: 79.543 Thread 0x000001c105129800  969       3       org.lwjgl.input.Keyboard$KeyEvent::access$402 (7 bytes)
Event: 79.543 Thread 0x000001c105129800 nmethod 969 0x000001c16943a210 code [0x000001c16943a3a0, 0x000001c16943a498]

GC Heap History (0 events):
No events

Deoptimization events (20 events):
Event: 56.443 Thread 0x000001c10527b000 Uncommon trap: trap_request=0xffffff45 fr.pc=0x000001c1707e5f58 relative=0x00000000000007f8
Event: 56.443 Thread 0x000001c10527b000 Uncommon trap: reason=unstable_if action=reinterpret pc=0x000001c1707e5f58 method=space.wars.moveit.move(Lspace/wars/SpaceShip;Z)V @ 198 c2
Event: 56.443 Thread 0x000001c10527b000 DEOPT PACKING pc=0x000001c1707e5f58 sp=0x000000be6cdff280
Event: 56.443 Thread 0x000001c10527b000 DEOPT UNPACKING pc=0x000001c168d0912f sp=0x000000be6cdff238 mode 2
Event: 59.627 Thread 0x000001c10527b000 Uncommon trap: trap_request=0xffffff45 fr.pc=0x000001c1707e37ac relative=0x000000000000012c
Event: 59.627 Thread 0x000001c10527b000 Uncommon trap: reason=unstable_if action=reinterpret pc=0x000001c1707e37ac method=space.wars.fixedgunlol.shewt(Lspace/wars/SpaceShip;Z)V @ 142 c2
Event: 59.627 Thread 0x000001c10527b000 DEOPT PACKING pc=0x000001c1707e37ac sp=0x000000be6cdff2b0
Event: 59.627 Thread 0x000001c10527b000 DEOPT UNPACKING pc=0x000001c168d0912f sp=0x000000be6cdff218 mode 2
Event: 60.093 Thread 0x000001c10527b000 Uncommon trap: trap_request=0xffffff45 fr.pc=0x000001c1707e48b4 relative=0x0000000000000834
Event: 60.093 Thread 0x000001c10527b000 Uncommon trap: reason=unstable_if action=reinterpret pc=0x000001c1707e48b4 method=com.badlogic.gdx.graphics.g2d.SpriteBatch.draw(Lcom/badlogic/gdx/graphics/Texture;FFFFFFFFFIIIIZZ)V @ 28 c2
Event: 60.093 Thread 0x000001c10527b000 DEOPT PACKING pc=0x000001c1707e48b4 sp=0x000000be6cdff250
Event: 60.093 Thread 0x000001c10527b000 DEOPT UNPACKING pc=0x000001c168d0912f sp=0x000000be6cdff0d8 mode 2
Event: 60.093 Thread 0x000001c10527b000 Uncommon trap: trap_request=0xffffff45 fr.pc=0x000001c1707d6fd0 relative=0x0000000000000650
Event: 60.093 Thread 0x000001c10527b000 Uncommon trap: reason=unstable_if action=reinterpret pc=0x000001c1707d6fd0 method=com.badlogic.gdx.graphics.g2d.SpriteBatch.flush()V @ 41 c2
Event: 60.093 Thread 0x000001c10527b000 DEOPT PACKING pc=0x000001c1707d6fd0 sp=0x000000be6cdff170
Event: 60.093 Thread 0x000001c10527b000 DEOPT UNPACKING pc=0x000001c168d0912f sp=0x000000be6cdff128 mode 2
Event: 76.042 Thread 0x000001c10527b000 Uncommon trap: trap_request=0xffffff45 fr.pc=0x000001c1707f9ba8 relative=0x0000000000006628
Event: 76.042 Thread 0x000001c10527b000 Uncommon trap: reason=unstable_if action=reinterpret pc=0x000001c1707f9ba8 method=space.wars.SpaceWars.render()V @ 492 c2
Event: 76.042 Thread 0x000001c10527b000 DEOPT PACKING pc=0x000001c1707f9ba8 sp=0x000000be6cdff430
Event: 76.042 Thread 0x000001c10527b000 DEOPT UNPACKING pc=0x000001c168d0912f sp=0x000000be6cdff468 mode 2

Classes unloaded (0 events):
No events

Classes redefined (0 events):
No events

Internal exceptions (0 events):
No events

Events (20 events):
Event: 0.776 Loaded shared library C:\Program Files\Java\jdk-14.0.2\bin\java.dll
Event: 1.400 Loaded shared library C:\Program Files\Java\jdk-14.0.2\bin\java.dll
Event: 2.128 Loaded shared library C:\Users\cutej\AppData\Local\Temp\libgdxcutej\1cecf4f6\lwjgl64.dll
Event: 2.129 Loaded shared library C:\Users\cutej\AppData\Local\Temp\libgdxcutej\1cecf4f6\lwjgl64.dll
Event: 2.227 Loaded shared library C:\Program Files\Java\jdk-14.0.2\bin\java.dll
Event: 2.478 Loaded shared library C:\Users\cutej\AppData\Local\Temp\libgdxcutej\1cecf4f6\lwjgl64.dll
Event: 2.810 Loaded shared library C:\Users\cutej\AppData\Local\Temp\libgdxcutej\1cecf4f6\lwjgl64.dll
Event: 3.927 Loaded shared library C:\Users\cutej\AppData\Local\Temp\libgdxcutej\1cecf4f6\lwjgl64.dll
Event: 3.928 Loaded shared library C:\Users\cutej\AppData\Local\Temp\libgdxcutej\1cecf4f6\lwjgl64.dll
Event: 4.960 Loaded shared library C:\Users\cutej\AppData\Local\Temp\libgdxcutej\1cecf4f6\lwjgl64.dll
Event: 4.993 Loaded shared library C:\Users\cutej\AppData\Local\Temp\libgdxcutej\1cecf4f6\lwjgl64.dll
Event: 4.994 Loaded shared library C:\Users\cutej\AppData\Local\Temp\libgdxcutej\1cecf4f6\lwjgl64.dll
Event: 4.995 Loaded shared library C:\Users\cutej\AppData\Local\Temp\libgdxcutej\1cecf4f6\lwjgl64.dll
Event: 9.243 Loaded shared library C:\Users\cutej\AppData\Local\Temp\libgdxcutej\1cecf4f6\lwjgl64.dll
Event: 9.244 Loaded shared library C:\Users\cutej\AppData\Local\Temp\libgdxcutej\1cecf4f6\lwjgl64.dll
Event: 11.393 Loaded shared library C:\Users\cutej\AppData\Local\Temp\libgdxcutej\1cecf4f6\lwjgl64.dll
Event: 13.527 Loaded shared library C:\Users\cutej\AppData\Local\Temp\libgdxcutej\1cecf4f6\lwjgl64.dll
Event: 13.528 Loaded shared library C:\Users\cutej\AppData\Local\Temp\libgdxcutej\1cecf4f6\lwjgl64.dll
Event: 70.477 Loaded shared library C:\Users\cutej\AppData\Local\Temp\libgdxcutej\1cecf4f6\lwjgl64.dll
Event: 73.677 Loaded shared library C:\Users\cutej\AppData\Local\Temp\libgdxcutej\1cecf4f6\lwjgl64.dll


Dynamic libraries:
0x00007ff60e760000 - 0x00007ff60e76f000 	C:\Program Files\Java\jdk-14.0.2\bin\java.exe
0x00007ff876210000 - 0x00007ff876405000 	C:\WINDOWS\SYSTEM32\ntdll.dll
0x00007ff874cb0000 - 0x00007ff874d6e000 	C:\WINDOWS\System32\KERNEL32.DLL
0x00007ff873a70000 - 0x00007ff873d38000 	C:\WINDOWS\System32\KERNELBASE.dll
0x00007ff873dd0000 - 0x00007ff873ed0000 	C:\WINDOWS\System32\ucrtbase.dll
0x00007ff86a510000 - 0x00007ff86a525000 	C:\Program Files\Java\jdk-14.0.2\bin\VCRUNTIME140.dll
0x00007ff86a530000 - 0x00007ff86a548000 	C:\Program Files\Java\jdk-14.0.2\bin\jli.dll
0x00007ff876120000 - 0x00007ff8761ce000 	C:\WINDOWS\System32\ADVAPI32.dll
0x00007ff874380000 - 0x00007ff87441e000 	C:\WINDOWS\System32\msvcrt.dll
0x00007ff874580000 - 0x00007ff87461c000 	C:\WINDOWS\System32\sechost.dll
0x00007ff874450000 - 0x00007ff874575000 	C:\WINDOWS\System32\RPCRT4.dll
0x00007ff8757c0000 - 0x00007ff875960000 	C:\WINDOWS\System32\USER32.dll
0x00007ff873f00000 - 0x00007ff873f22000 	C:\WINDOWS\System32\win32u.dll
0x00007ff875790000 - 0x00007ff8757bb000 	C:\WINDOWS\System32\GDI32.dll
0x00007ff868e20000 - 0x00007ff8690ba000 	C:\WINDOWS\WinSxS\amd64_microsoft.windows.common-controls_6595b64144ccf1df_6.0.19041.1110_none_60b5254171f9507e\COMCTL32.dll
0x00007ff874150000 - 0x00007ff87425d000 	C:\WINDOWS\System32\gdi32full.dll
0x00007ff873920000 - 0x00007ff8739bd000 	C:\WINDOWS\System32\msvcp_win.dll
0x00007ff86d3e0000 - 0x00007ff86d3ea000 	C:\WINDOWS\SYSTEM32\VERSION.dll
0x00007ff874420000 - 0x00007ff874450000 	C:\WINDOWS\System32\IMM32.DLL
0x00007ff831a80000 - 0x00007ff831b1b000 	C:\Program Files\Java\jdk-14.0.2\bin\msvcp140.dll
0x00007ff8252b0000 - 0x00007ff825dce000 	C:\Program Files\Java\jdk-14.0.2\bin\server\jvm.dll
0x00007ff875960000 - 0x00007ff875968000 	C:\WINDOWS\System32\PSAPI.DLL
0x00007ff869350000 - 0x00007ff869377000 	C:\WINDOWS\SYSTEM32\WINMM.dll
0x00007ff86f430000 - 0x00007ff86f439000 	C:\WINDOWS\SYSTEM32\WSOCK32.dll
0x00007ff874f20000 - 0x00007ff874f8b000 	C:\WINDOWS\System32\WS2_32.dll
0x00007ff871720000 - 0x00007ff871732000 	C:\WINDOWS\SYSTEM32\kernel.appcore.dll
0x00007ff86f510000 - 0x00007ff86f51a000 	C:\Program Files\Java\jdk-14.0.2\bin\jimage.dll
0x00007ff868160000 - 0x00007ff868344000 	C:\WINDOWS\SYSTEM32\DBGHELP.DLL
0x00007ff8680e0000 - 0x00007ff86810c000 	C:\WINDOWS\SYSTEM32\dbgcore.DLL
0x00007ff873d40000 - 0x00007ff873dc2000 	C:\WINDOWS\System32\bcryptPrimitives.dll
0x00007ff842110000 - 0x00007ff842135000 	C:\Program Files\Java\jdk-14.0.2\bin\java.dll
0x00007ff86a4f0000 - 0x00007ff86a506000 	C:\Program Files\Java\jdk-14.0.2\bin\zip.dll
0x00007ff875040000 - 0x00007ff875784000 	C:\WINDOWS\System32\SHELL32.dll
0x00007ff871920000 - 0x00007ff8720b4000 	C:\WINDOWS\SYSTEM32\windows.storage.dll
0x00007ff875b80000 - 0x00007ff875ed5000 	C:\WINDOWS\System32\combase.dll
0x00007ff873320000 - 0x00007ff87334e000 	C:\WINDOWS\SYSTEM32\Wldp.dll
0x00007ff8742c0000 - 0x00007ff87436d000 	C:\WINDOWS\System32\SHCORE.dll
0x00007ff875970000 - 0x00007ff8759c5000 	C:\WINDOWS\System32\shlwapi.dll
0x00007ff873860000 - 0x00007ff87387f000 	C:\WINDOWS\SYSTEM32\profapi.dll
0x00007ff859180000 - 0x00007ff859199000 	C:\Program Files\Java\jdk-14.0.2\bin\net.dll
0x00007ff86c010000 - 0x00007ff86c11c000 	C:\WINDOWS\SYSTEM32\WINHTTP.dll
0x00007ff873000000 - 0x00007ff87306a000 	C:\WINDOWS\system32\mswsock.dll
0x00007ff850780000 - 0x00007ff850792000 	C:\Program Files\Java\jdk-14.0.2\bin\nio.dll
0x000000006e700000 - 0x000000006e72a000 	C:\Users\cutej\AppData\Local\Temp\libgdxcutej\e1cd32f8\gdx64.dll
0x00007ff8694a0000 - 0x00007ff8694b0000 	C:\Program Files\Java\jdk-14.0.2\bin\verify.dll
0x0000000180000000 - 0x0000000180053000 	C:\Users\cutej\AppData\Local\Temp\libgdxcutej\1cecf4f6\lwjgl64.dll
0x00007ff832b90000 - 0x00007ff832cb5000 	C:\WINDOWS\SYSTEM32\OPENGL32.dll
0x00007ff8456b0000 - 0x00007ff8456dc000 	C:\WINDOWS\SYSTEM32\GLU32.dll
0x000001c105dd0000 - 0x000001c105e34000 	C:\Users\cutej\AppData\Local\Temp\libgdxcutej\1cecf4f6\OpenAL64.dll
0x00007ff874aa0000 - 0x00007ff874bca000 	C:\WINDOWS\System32\ole32.dll
0x00007ff871240000 - 0x00007ff8712de000 	C:\WINDOWS\system32\uxtheme.dll
0x00007ff874f90000 - 0x00007ff875039000 	C:\WINDOWS\System32\clbcatq.dll
0x00007ff8650e0000 - 0x00007ff86517c000 	C:\WINDOWS\SYSTEM32\dsound.dll
0x00007ff873350000 - 0x00007ff87339b000 	C:\WINDOWS\SYSTEM32\powrprof.dll
0x00007ff85c140000 - 0x00007ff85c166000 	C:\WINDOWS\SYSTEM32\winmmbase.dll
0x00007ff873300000 - 0x00007ff873312000 	C:\WINDOWS\SYSTEM32\UMPDC.dll
0x00007ff86cb30000 - 0x00007ff86cbb5000 	C:\WINDOWS\System32\MMDevApi.dll
0x00007ff8736e0000 - 0x00007ff873714000 	C:\WINDOWS\System32\DEVOBJ.dll
0x00007ff874100000 - 0x00007ff87414e000 	C:\WINDOWS\System32\cfgmgr32.dll
0x00007ff86cc30000 - 0x00007ff86cdb4000 	C:\WINDOWS\SYSTEM32\AUDIOSES.DLL
0x00007ff875f40000 - 0x00007ff87600d000 	C:\WINDOWS\System32\OLEAUT32.dll
0x00007ff871330000 - 0x00007ff871344000 	C:\WINDOWS\SYSTEM32\resourcepolicyclient.dll
0x00007ff86ca30000 - 0x00007ff86cade000 	C:\WINDOWS\SYSTEM32\mscms.dll
0x00007ff873820000 - 0x00007ff87384e000 	C:\WINDOWS\SYSTEM32\USERENV.dll
0x00007ff86ca10000 - 0x00007ff86ca21000 	C:\WINDOWS\SYSTEM32\ColorAdapterClient.dll
0x00007ff84d510000 - 0x00007ff84d554000 	C:\Windows\System32\Windows.Internal.Graphics.Display.DisplayColorManagement.dll
0x00007ff8759d0000 - 0x00007ff875ae6000 	C:\WINDOWS\System32\MSCTF.dll
0x00007ff865700000 - 0x00007ff8657f9000 	C:\WINDOWS\SYSTEM32\textinputframework.dll
0x00007ff8709e0000 - 0x00007ff870d3e000 	C:\WINDOWS\System32\CoreUIComponents.dll
0x00007ff870d40000 - 0x00007ff870e32000 	C:\WINDOWS\System32\CoreMessaging.dll
0x00007ff8724f0000 - 0x00007ff872523000 	C:\WINDOWS\SYSTEM32\ntmarta.dll
0x00007ff870310000 - 0x00007ff870464000 	C:\WINDOWS\SYSTEM32\wintypes.dll
0x00007ff86db90000 - 0x00007ff86dc89000 	C:\Windows\System32\AppXDeploymentClient.dll
0x00007fffe9070000 - 0x00007fffeb9fc000 	C:\WINDOWS\System32\DriverStore\FileRepository\nv_dispi.inf_amd64_3621da861144492b\nvoglv64.dll
0x00007ff874620000 - 0x00007ff874a92000 	C:\WINDOWS\System32\SETUPAPI.dll
0x00007ff873ed0000 - 0x00007ff873ef7000 	C:\WINDOWS\System32\bcrypt.dll
0x00007ff86f520000 - 0x00007ff86f534000 	C:\WINDOWS\SYSTEM32\WTSAPI32.dll
0x00007ff873500000 - 0x00007ff873512000 	C:\WINDOWS\SYSTEM32\msasn1.dll
0x00007ff86d1f0000 - 0x00007ff86d221000 	C:\WINDOWS\SYSTEM32\cryptnet.dll
0x00007ff873f30000 - 0x00007ff874086000 	C:\WINDOWS\System32\CRYPT32.dll
0x00007ff873270000 - 0x00007ff87327c000 	C:\WINDOWS\SYSTEM32\cryptbase.dll
0x00007ff874090000 - 0x00007ff8740f9000 	C:\WINDOWS\System32\WINTRUST.dll
0x00007ff86a760000 - 0x00007ff86a79b000 	C:\WINDOWS\SYSTEM32\dxcore.dll
0x00007ff83db80000 - 0x00007ff83de39000 	C:\WINDOWS\system32\nvspcap64.dll
0x00007ff871430000 - 0x00007ff87145f000 	C:\WINDOWS\SYSTEM32\dwmapi.dll
0x00007ff83b300000 - 0x00007ff83b343000 	C:\WINDOWS\SYSTEM32\icm32.dll
0x00007ff873090000 - 0x00007ff8730ea000 	C:\WINDOWS\SYSTEM32\WINSTA.dll
0x0000000066b00000 - 0x0000000066b5b000 	C:\Users\cutej\AppData\Local\Temp\libgdxcutej\a14961b7\gdx-box2d64.dll

dbghelp: loaded successfully - version: 4.0.5 - missing functions: none
symbol engine: initialized successfully - sym options: 0x614 - pdb path: .;C:\Program Files\Java\jdk-14.0.2\bin;C:\WINDOWS\SYSTEM32;C:\WINDOWS\WinSxS\amd64_microsoft.windows.common-controls_6595b64144ccf1df_6.0.19041.1110_none_60b5254171f9507e;C:\Program Files\Java\jdk-14.0.2\bin\server;C:\Users\cutej\AppData\Local\Temp\libgdxcutej\e1cd32f8;C:\Users\cutej\AppData\Local\Temp\libgdxcutej\1cecf4f6;C:\WINDOWS\System32\DriverStore\FileRepository\nv_dispi.inf_amd64_3621da861144492b;C:\Users\cutej\AppData\Local\Temp\libgdxcutej\a14961b7

VM Arguments:
jvm_args: -Dfile.encoding=windows-1252 -Duser.country=US -Duser.language=en -Duser.variant -Xmx4G 
java_command: space.wars.desktop.DesktopLauncher
java_class_path (initial): E:\Downloads\Space-Wars-AlexLettuce-patch-4\Space-Wars-AlexLettuce-patch-4\Space Wars\desktop\build\classes\java\main;E:\Downloads\Space-Wars-AlexLettuce-patch-4\Space-Wars-AlexLettuce-patch-4\Space Wars\desktop\build\resources\main;C:\Users\cutej\.gradle\caches\modules-2\files-2.1\com.badlogicgames.gdx\gdx-tools\1.10.0\d699cf4953fb42a071c7c3feb9b5c45601aa6a4b\gdx-tools-1.10.0.jar;C:\Users\cutej\.gradle\caches\modules-2\files-2.1\com.badlogicgames.gdx\gdx-backend-lwjgl\1.10.0\58ff89d9e4fd8a82591367f187d606e781cacc05\gdx-backend-lwjgl-1.10.0.jar;C:\Users\cutej\.gradle\caches\modules-2\files-2.1\com.badlogicgames.gdx\gdx-platform\1.10.0\9a8fa793d2fd6d360afc6c9e4c1f5583da263b88\gdx-platform-1.10.0-natives-desktop.jar;C:\Users\cutej\.gradle\caches\modules-2\files-2.1\com.badlogicgames.gdx\gdx-box2d-platform\1.10.0\588c4191c5a64ed39365e71484aa37d81c38eb5e\gdx-box2d-platform-1.10.0-natives-desktop.jar;C:\Users\cutej\.gradle\caches\modules-2\files-2.1\com.badlogicgames.gdx-controllers\gdx-controllers-desktop\2.1.0\6a40821fd5233d56ef82a78db790784e0d34a340\gdx-controllers-desktop-2.1.0.jar;E:\Downloads\Space-Wars-AlexLettuce-patch-4\Space-Wars-AlexLettuce-patch-4\Space Wars\core\build\libs\core-1.0.jar;C:\Users\cutej\.gradle\caches\modules-2\files-2.1\com.badlogicgames.gdx\gdx-backend-headless\1.10.0\990eadbb431197c5b9b816d1659c772e0268e65\gdx-backend-headless-1.10.0.jar;C:\Users\cutej\.gradle\caches\modules-2\files-2.1\com.badlogicgames.gdx\gdx-freetype\1.10.0\de1d0d5c1e92e8d91364256fd6b7bb279d3e9859\gdx-freetype-1.10.0.jar;C:\Users\cutej\.gradle\caches\modules-2\files-2.1\com.badlogicgames.gdx-controllers\gdx-controllers-core\2.1.0\7c282de3958795a6da5dd3cc2d64b9389a8f9142\gdx-controllers-core-2.1.0.jar;C:\Users\cutej\.gradle\caches\modules-2\files-2.1\com.badlogicgames.box2dlights\box2dlights\1.5\6902dbcd250c95a27973aa24a147a95b3828d348\box2dlights-1.5.jar;C:\Users\cutej\.gradle\caches\modules-2\files-2.1\com.badlogicgames.gdx\gdx-box2d\1.10.0\
Launcher Type: SUN_STANDARD

[Global flags]
     intx CICompilerCount                          = 4                                         {product} {ergonomic}
     uint ConcGCThreads                            = 3                                         {product} {ergonomic}
     uint G1ConcRefinementThreads                  = 10                                        {product} {ergonomic}
   size_t G1HeapRegionSize                         = 1048576                                   {product} {ergonomic}
    uintx GCDrainStackTargetSize                   = 64                                        {product} {ergonomic}
   size_t InitialHeapSize                          = 268435456                                 {product} {ergonomic}
   size_t MarkStackSize                            = 4194304                                   {product} {ergonomic}
   size_t MaxHeapSize                              = 4294967296                                {product} {command line}
   size_t MaxNewSize                               = 2576351232                                {product} {ergonomic}
   size_t MinHeapDeltaBytes                        = 1048576                                   {product} {ergonomic}
   size_t MinHeapSize                              = 8388608                                   {product} {ergonomic}
    uintx NonNMethodCodeHeapSize                   = 5839372                                {pd product} {ergonomic}
    uintx NonProfiledCodeHeapSize                  = 122909434                              {pd product} {ergonomic}
    uintx ProfiledCodeHeapSize                     = 122909434                              {pd product} {ergonomic}
    uintx ReservedCodeCacheSize                    = 251658240                              {pd product} {ergonomic}
     bool SegmentedCodeCache                       = true                                      {product} {ergonomic}
   size_t SoftMaxHeapSize                          = 4294967296                             {manageable} {ergonomic}
     bool UseCompressedClassPointers               = true                                 {lp64_product} {ergonomic}
     bool UseCompressedOops                        = true                                 {lp64_product} {ergonomic}
     bool UseG1GC                                  = true                                      {product} {ergonomic}
     bool UseLargePagesIndividualAllocation        = false                                  {pd product} {ergonomic}

Logging:
Log output configuration:
 #0: stdout all=warning uptime,level,tags
 #1: stderr all=off uptime,level,tags

Environment Variables:
JAVA_HOME=C:\Program Files\Java\jdk-14.0.2
_JAVA_OPTIONS=-Xmx4G
PATH=C:\Program Files (x86)\Common Files\Oracle\Java\javapath;C:\Program Files (x86)\Razer Chroma SDK\bin;C:\Program Files\Razer Chroma SDK\bin;C:\Program Files (x86)\Razer\ChromaBroadcast\bin;C:\Program Files\Razer\ChromaBroadcast\bin;C:\Windows\system32;C:\Windows;C:\Windows\System32\Wbem;C:\Windows\System32\WindowsPowerShell\v1.0\;C:\Windows\System32\OpenSSH\;C:\Windows\system32\config\systemprofile\AppData\Local\Microsoft\WindowsApps;C:\Program Files\NVIDIA Corporation\NVIDIA NvDLISR;C:\Program Files\Java\jdk-14.0.2\bin;;C:\WINDOWS\system32;C:\WINDOWS;C:\WINDOWS\System32\Wbem;C:\WINDOWS\System32\WindowsPowerShell\v1.0\;C:\WINDOWS\System32\OpenSSH\;C:\Program Files (x86)\NVIDIA Corporation\PhysX\Common;C:\Program Files\Inkscape\bin;C:\Program Files\dotnet\;C:\Users\cutej\AppData\Local\Microsoft\WindowsApps;C:\Users\cutej\AppData\Local\GitHubDesktop\bin;;E:\Program Files (x86)\IntelliJ IDEA Community Edition 2021.2.3\bin;
USERNAME=cutej
OS=Windows_NT
PROCESSOR_IDENTIFIER=AMD64 Family 23 Model 8 Stepping 2, AuthenticAMD



---------------  S Y S T E M  ---------------

OS: Windows 10 , 64 bit Build 19041 (10.0.19041.1503)
OS uptime: 2 days 17:22 hours

CPU:total 12 (initial active 12) (12 cores per cpu, 2 threads per core) family 23 model 8 stepping 2, cmov, cx8, fxsr, mmx, sse, sse2, sse3, ssse3, sse4.1, sse4.2, popcnt, avx, avx2, aes, clmul, mmxext, 3dnowpref, lzcnt, sse4a, ht, tsc, tscinvbit, tscinv, bmi1, bmi2, adx, sha, fma

Memory: 4k page, system-wide physical 16297M (8060M free)
TotalPageFile size 35753M (AvailPageFile size 22536M)
current process WorkingSet (physical memory assigned to process): 92M, peak: 109M
current process commit charge ("private bytes"): 405M, peak: 422M

vm_info: Java HotSpot(TM) 64-Bit Server VM (14.0.2+12-46) for windows-amd64 JRE (14.0.2+12-46), built on Jul  9 2020 00:35:52 by "mach5one" with MS VC++ 15.9 (VS2017)

END.
