#
# A fatal error has been detected by the Java Runtime Environment:
#
#  EXCEPTION_ACCESS_VIOLATION (0xc0000005) at pc=0x0000000066b0bbb1, pid=11612, tid=9932
#
# JRE version: Java(TM) SE Runtime Environment 18.9 (11.0.12+8) (build 11.0.12+8-LTS-237)
# Java VM: Java HotSpot(TM) 64-Bit Server VM 18.9 (11.0.12+8-LTS-237, mixed mode, tiered, compressed oops, g1 gc, windows-amd64)
# Problematic frame:
# C  [gdx-box2d64.dll+0xbbb1]
#
# No core dump will be written. Minidumps are not enabled by default on client versions of Windows
#
# If you would like to submit a bug report, please visit:
#   https://bugreport.java.com/bugreport/crash.jsp
# The crash happened outside the Java Virtual Machine in native code.
# See problematic frame for where to report the bug.
#

---------------  S U M M A R Y ------------

Command Line: -Dfile.encoding=windows-1252 -Duser.country=US -Duser.language=en -Duser.variant space.wars.desktop.DesktopLauncher

Host: Intel(R) Core(TM) i7-6700 CPU @ 3.40GHz, 8 cores, 7G,  Windows 10 , 64 bit Build 19041 (10.0.19041.1503)
Time: Fri Mar 18 09:25:50 2022 Mountain Daylight Time elapsed time: 12.578775 seconds (0d 0h 0m 12s)

---------------  T H R E A D  ---------------

Current thread (0x000001c888112800):  JavaThread "LWJGL Application" [_thread_in_native, id=9932, stack(0x000000640c300000,0x000000640c400000)]

Stack: [0x000000640c300000,0x000000640c400000],  sp=0x000000640c3fe930,  free space=1018k
Native frames: (J=compiled Java code, j=interpreted, Vv=VM code, C=native code)
C  [gdx-box2d64.dll+0xbbb1]

Java frames: (J=compiled Java code, j=interpreted, Vv=VM code)
j  com.badlogic.gdx.physics.box2d.World.jniCreateBody(JIFFFFFFFFZZZZZF)J+0
j  com.badlogic.gdx.physics.box2d.World.createBody(Lcom/badlogic/gdx/physics/box2d/BodyDef;)Lcom/badlogic/gdx/physics/box2d/Body;+80
j  space.wars.Bullet.<init>(Lcom/badlogic/gdx/math/Vector2;Lcom/badlogic/gdx/math/Vector2;F)V+80
J 797 c1 space.wars.fixedgunlol.shewt(Lspace/wars/SpaceShip;Z)V (385 bytes) @ 0x000001c8f0e5f1ec [0x000001c8f0e5e100+0x00000000000010ec]
J 957 c1 space.wars.SpaceWars.render()V (543 bytes) @ 0x000001c8f0eb9fec [0x000001c8f0eb8940+0x00000000000016ac]
j  com.badlogic.gdx.backends.lwjgl.LwjglApplication.mainLoop()V+776
j  com.badlogic.gdx.backends.lwjgl.LwjglApplication$1.run()V+27
v  ~StubRoutines::call_stub

siginfo: EXCEPTION_ACCESS_VIOLATION (0xc0000005), reading address 0x000001ca8975e690


Register to memory mapping:

RIP=0x0000000066b0bbb1 gdx-box2d64.dll
RAX=0x0000000066b50060 gdx-box2d64.dll
RBX=0x000001ca8975e690 is an unknown value
RCX=0x000001c88972dea0 points into unknown readable memory: 0x000001c889747230 | 30 72 74 89 c8 01 00 00
RDX=0x00000000000000b8 is an unknown value
RSP=0x000000640c3fe930 is pointing into the stack for thread: 0x000001c888112800
RBP=0x000001c88972ded0 points into unknown readable memory: 0x0000000000000000 | 00 00 00 00 00 00 00 00
RSI=0x000001c88972dea0 points into unknown readable memory: 0x000001c889747230 | 30 72 74 89 c8 01 00 00
RDI=0x000000640c3fe9f0 is pointing into the stack for thread: 0x000001c888112800
R8 =0x000001c88972dea0 points into unknown readable memory: 0x000001c889747230 | 30 72 74 89 c8 01 00 00
R9 =0x0000000000000002 is an unknown value
R10=0x0 is NULL
R11=0x0000000000000001 is an unknown value
R12=0x0 is NULL
R13=0x0000000000000006 is an unknown value
R14=0x000000640c3febe0 is pointing into the stack for thread: 0x000001c888112800
R15=0x000001c888112800 is a thread


Registers:
RAX=0x0000000066b50060, RBX=0x000001ca8975e690, RCX=0x000001c88972dea0, RDX=0x00000000000000b8
RSP=0x000000640c3fe930, RBP=0x000001c88972ded0, RSI=0x000001c88972dea0, RDI=0x000000640c3fe9f0
R8 =0x000001c88972dea0, R9 =0x0000000000000002, R10=0x0000000000000000, R11=0x0000000000000001
R12=0x0000000000000000, R13=0x0000000000000006, R14=0x000000640c3febe0, R15=0x000001c888112800
RIP=0x0000000066b0bbb1, EFLAGS=0x0000000000010206

Top of Stack: (sp=0x000000640c3fe930)
0x000000640c3fe930:   000001c891494ae0 000001c888112800
0x000000640c3fe940:   00007fff9c7a1448 000001c88a089c80
0x000000640c3fe950:   0000000000000001 000001c88972dea0
0x000000640c3fe960:   000000640c3fe9f0 000000640c3feb38
0x000000640c3fe970:   0000000000000000 000001c891494ae0
0x000000640c3fe980:   000000640c3febe0 0000000066b21163
0x000000640c3fe990:   000000640c3fea30 000000640c3fea30
0x000000640c3fe9a0:   0000006400000003 000001c891494ae0
0x000000640c3fe9b0:   0000000000000001 000001c8872a4c10
0x000000640c3fe9c0:   000000000004d038 0000000066b26a36
0x000000640c3fe9d0:   000001c888112800 000000640c3febe0
0x000000640c3fe9e0:   000000640c3feb38 000001c8f0768b0b
0x000000640c3fe9f0:   40d5376b00000002 0000000041eb26d6
0x000000640c3fea00:   0000000000000000 0000000000000000
0x000000640c3fea10:   0100010100000000 000000640c3feb01
0x000000640c3fea20:   0000000000000000 000000003f800000 

Instructions: (pc=0x0000000066b0bbb1)
0x0000000066b0bb91:   05 ca 44 04 00 44 0f b6 2c 18 41 80 fd 0d 4c 89
0x0000000066b0bba1:   eb 77 2c 48 8d 2c de 48 8b 5d 10 48 85 db 74 45
0x0000000066b0bbb1:   48 8b 03 48 89 45 10 48 89 d8 48 83 c4 20 5b 5e
0x0000000066b0bbc1:   5f 5d 41 5c 41 5d 41 5e c3 66 0f 1f 44 00 00 48 


Stack slot to memory mapping:
stack at sp + 0 slots: {method} {0x000001c891494ae8} 'jniCreateBody' '(JIFFFFFFFFZZZZZF)J' in 'com/badlogic/gdx/physics/box2d/World'
stack at sp + 1 slots: 0x000001c888112800 is a thread
stack at sp + 2 slots: 0x00007fff9c7a1448 jvm.dll
stack at sp + 3 slots: 0x000001c88a089c80 points into unknown readable memory: 0x4a28f18600010013 | 13 00 01 00 86 f1 28 4a
stack at sp + 4 slots: 0x0000000000000001 is an unknown value
stack at sp + 5 slots: 0x000001c88972dea0 points into unknown readable memory: 0x000001c889747230 | 30 72 74 89 c8 01 00 00
stack at sp + 6 slots: 0x000000640c3fe9f0 is pointing into the stack for thread: 0x000001c888112800
stack at sp + 7 slots: 0x000000640c3feb38 is pointing into the stack for thread: 0x000001c888112800


---------------  P R O C E S S  ---------------

Threads class SMR info:
_java_thread_list=0x000001c88a1dc020, length=12, elements={
0x000001c887057000, 0x000001c88705f800, 0x000001c887073800, 0x000001c887075800,
0x000001c887076000, 0x000001c88707c000, 0x000001c88707d800, 0x000001c887086800,
0x000001c887b4f800, 0x000001c888112800, 0x000001c8e829b800, 0x000001c88a182800
}

Java Threads: ( => current thread )
  0x000001c887057000 JavaThread "Reference Handler" daemon [_thread_blocked, id=10892, stack(0x000000640b600000,0x000000640b700000)]
  0x000001c88705f800 JavaThread "Finalizer" daemon [_thread_blocked, id=8872, stack(0x000000640b700000,0x000000640b800000)]
  0x000001c887073800 JavaThread "Signal Dispatcher" daemon [_thread_blocked, id=14616, stack(0x000000640b800000,0x000000640b900000)]
  0x000001c887075800 JavaThread "Attach Listener" daemon [_thread_blocked, id=15996, stack(0x000000640b900000,0x000000640ba00000)]
  0x000001c887076000 JavaThread "Service Thread" daemon [_thread_blocked, id=1480, stack(0x000000640ba00000,0x000000640bb00000)]
  0x000001c88707c000 JavaThread "C2 CompilerThread0" daemon [_thread_blocked, id=7200, stack(0x000000640bb00000,0x000000640bc00000)]
  0x000001c88707d800 JavaThread "C1 CompilerThread0" daemon [_thread_blocked, id=12892, stack(0x000000640bc00000,0x000000640bd00000)]
  0x000001c887086800 JavaThread "Sweeper thread" daemon [_thread_blocked, id=9392, stack(0x000000640bd00000,0x000000640be00000)]
  0x000001c887b4f800 JavaThread "Common-Cleaner" daemon [_thread_blocked, id=14820, stack(0x000000640bf00000,0x000000640c000000)]
=>0x000001c888112800 JavaThread "LWJGL Application" [_thread_in_native, id=9932, stack(0x000000640c300000,0x000000640c400000)]
  0x000001c8e829b800 JavaThread "DestroyJavaVM" [_thread_blocked, id=5436, stack(0x000000640af00000,0x000000640b000000)]
  0x000001c88a182800 JavaThread "LWJGL Timer" daemon [_thread_blocked, id=5576, stack(0x000000640ca00000,0x000000640cb00000)]

Other Threads:
  0x000001c887032800 VMThread "VM Thread" [stack: 0x000000640b500000,0x000000640b600000] [id=8576]
  0x000001c887b3d800 WatcherThread [stack: 0x000000640be00000,0x000000640bf00000] [id=13896]
  0x000001c8e82b1800 GCTaskThread "GC Thread#0" [stack: 0x000000640b000000,0x000000640b100000] [id=12512]
  0x000001c8e82e3000 ConcurrentGCThread "G1 Main Marker" [stack: 0x000000640b100000,0x000000640b200000] [id=10908]
  0x000001c8e82e5800 ConcurrentGCThread "G1 Conc#0" [stack: 0x000000640b200000,0x000000640b300000] [id=1180]
  0x000001c886ea1800 ConcurrentGCThread "G1 Refine#0" [stack: 0x000000640b300000,0x000000640b400000] [id=8676]
  0x000001c8e8378800 ConcurrentGCThread "G1 Young RemSet Sampling" [stack: 0x000000640b400000,0x000000640b500000] [id=15012]

Threads with active compile tasks:

VM state:not at safepoint (normal execution)

VM Mutex/Monitor currently owned by a thread: None

Heap address: 0x0000000081c00000, size: 2020 MB, Compressed Oops mode: 32-bit
Narrow klass base: 0x0000000000000000, Narrow klass shift: 3
Compressed class space size: 1073741824 Address: 0x0000000100000000

Heap:
 garbage-first heap   total 131072K, used 12288K [0x0000000081c00000, 0x0000000100000000)
  region size 1024K, 13 young (13312K), 0 survivors (0K)
 Metaspace       used 10214K, capacity 10311K, committed 10624K, reserved 1058816K
  class space    used 789K, capacity 823K, committed 896K, reserved 1048576K
Heap Regions: E=young(eden), S=young(survivor), O=old, HS=humongous(starts), HC=humongous(continues), CS=collection set, F=free, A=archive, TAMS=top-at-mark-start (previous, next)
|   0|0x0000000081c00000, 0x0000000081c00000, 0x0000000081d00000|  0%| F|  |TAMS 0x0000000081c00000, 0x0000000081c00000| Untracked 
|   1|0x0000000081d00000, 0x0000000081d00000, 0x0000000081e00000|  0%| F|  |TAMS 0x0000000081d00000, 0x0000000081d00000| Untracked 
|   2|0x0000000081e00000, 0x0000000081e00000, 0x0000000081f00000|  0%| F|  |TAMS 0x0000000081e00000, 0x0000000081e00000| Untracked 
|   3|0x0000000081f00000, 0x0000000081f00000, 0x0000000082000000|  0%| F|  |TAMS 0x0000000081f00000, 0x0000000081f00000| Untracked 
|   4|0x0000000082000000, 0x0000000082000000, 0x0000000082100000|  0%| F|  |TAMS 0x0000000082000000, 0x0000000082000000| Untracked 
|   5|0x0000000082100000, 0x0000000082100000, 0x0000000082200000|  0%| F|  |TAMS 0x0000000082100000, 0x0000000082100000| Untracked 
|   6|0x0000000082200000, 0x0000000082200000, 0x0000000082300000|  0%| F|  |TAMS 0x0000000082200000, 0x0000000082200000| Untracked 
|   7|0x0000000082300000, 0x0000000082300000, 0x0000000082400000|  0%| F|  |TAMS 0x0000000082300000, 0x0000000082300000| Untracked 
|   8|0x0000000082400000, 0x0000000082400000, 0x0000000082500000|  0%| F|  |TAMS 0x0000000082400000, 0x0000000082400000| Untracked 
|   9|0x0000000082500000, 0x0000000082500000, 0x0000000082600000|  0%| F|  |TAMS 0x0000000082500000, 0x0000000082500000| Untracked 
|  10|0x0000000082600000, 0x0000000082600000, 0x0000000082700000|  0%| F|  |TAMS 0x0000000082600000, 0x0000000082600000| Untracked 
|  11|0x0000000082700000, 0x0000000082700000, 0x0000000082800000|  0%| F|  |TAMS 0x0000000082700000, 0x0000000082700000| Untracked 
|  12|0x0000000082800000, 0x0000000082800000, 0x0000000082900000|  0%| F|  |TAMS 0x0000000082800000, 0x0000000082800000| Untracked 
|  13|0x0000000082900000, 0x0000000082900000, 0x0000000082a00000|  0%| F|  |TAMS 0x0000000082900000, 0x0000000082900000| Untracked 
|  14|0x0000000082a00000, 0x0000000082a00000, 0x0000000082b00000|  0%| F|  |TAMS 0x0000000082a00000, 0x0000000082a00000| Untracked 
|  15|0x0000000082b00000, 0x0000000082b00000, 0x0000000082c00000|  0%| F|  |TAMS 0x0000000082b00000, 0x0000000082b00000| Untracked 
|  16|0x0000000082c00000, 0x0000000082c00000, 0x0000000082d00000|  0%| F|  |TAMS 0x0000000082c00000, 0x0000000082c00000| Untracked 
|  17|0x0000000082d00000, 0x0000000082d00000, 0x0000000082e00000|  0%| F|  |TAMS 0x0000000082d00000, 0x0000000082d00000| Untracked 
|  18|0x0000000082e00000, 0x0000000082e00000, 0x0000000082f00000|  0%| F|  |TAMS 0x0000000082e00000, 0x0000000082e00000| Untracked 
|  19|0x0000000082f00000, 0x0000000082f00000, 0x0000000083000000|  0%| F|  |TAMS 0x0000000082f00000, 0x0000000082f00000| Untracked 
|  20|0x0000000083000000, 0x0000000083000000, 0x0000000083100000|  0%| F|  |TAMS 0x0000000083000000, 0x0000000083000000| Untracked 
|  21|0x0000000083100000, 0x0000000083100000, 0x0000000083200000|  0%| F|  |TAMS 0x0000000083100000, 0x0000000083100000| Untracked 
|  22|0x0000000083200000, 0x0000000083200000, 0x0000000083300000|  0%| F|  |TAMS 0x0000000083200000, 0x0000000083200000| Untracked 
|  23|0x0000000083300000, 0x0000000083300000, 0x0000000083400000|  0%| F|  |TAMS 0x0000000083300000, 0x0000000083300000| Untracked 
|  24|0x0000000083400000, 0x0000000083400000, 0x0000000083500000|  0%| F|  |TAMS 0x0000000083400000, 0x0000000083400000| Untracked 
|  25|0x0000000083500000, 0x0000000083500000, 0x0000000083600000|  0%| F|  |TAMS 0x0000000083500000, 0x0000000083500000| Untracked 
|  26|0x0000000083600000, 0x0000000083600000, 0x0000000083700000|  0%| F|  |TAMS 0x0000000083600000, 0x0000000083600000| Untracked 
|  27|0x0000000083700000, 0x0000000083700000, 0x0000000083800000|  0%| F|  |TAMS 0x0000000083700000, 0x0000000083700000| Untracked 
|  28|0x0000000083800000, 0x0000000083800000, 0x0000000083900000|  0%| F|  |TAMS 0x0000000083800000, 0x0000000083800000| Untracked 
|  29|0x0000000083900000, 0x0000000083900000, 0x0000000083a00000|  0%| F|  |TAMS 0x0000000083900000, 0x0000000083900000| Untracked 
|  30|0x0000000083a00000, 0x0000000083a00000, 0x0000000083b00000|  0%| F|  |TAMS 0x0000000083a00000, 0x0000000083a00000| Untracked 
|  31|0x0000000083b00000, 0x0000000083b00000, 0x0000000083c00000|  0%| F|  |TAMS 0x0000000083b00000, 0x0000000083b00000| Untracked 
|  32|0x0000000083c00000, 0x0000000083c00000, 0x0000000083d00000|  0%| F|  |TAMS 0x0000000083c00000, 0x0000000083c00000| Untracked 
|  33|0x0000000083d00000, 0x0000000083d00000, 0x0000000083e00000|  0%| F|  |TAMS 0x0000000083d00000, 0x0000000083d00000| Untracked 
|  34|0x0000000083e00000, 0x0000000083e00000, 0x0000000083f00000|  0%| F|  |TAMS 0x0000000083e00000, 0x0000000083e00000| Untracked 
|  35|0x0000000083f00000, 0x0000000083f00000, 0x0000000084000000|  0%| F|  |TAMS 0x0000000083f00000, 0x0000000083f00000| Untracked 
|  36|0x0000000084000000, 0x0000000084000000, 0x0000000084100000|  0%| F|  |TAMS 0x0000000084000000, 0x0000000084000000| Untracked 
|  37|0x0000000084100000, 0x0000000084100000, 0x0000000084200000|  0%| F|  |TAMS 0x0000000084100000, 0x0000000084100000| Untracked 
|  38|0x0000000084200000, 0x0000000084200000, 0x0000000084300000|  0%| F|  |TAMS 0x0000000084200000, 0x0000000084200000| Untracked 
|  39|0x0000000084300000, 0x0000000084300000, 0x0000000084400000|  0%| F|  |TAMS 0x0000000084300000, 0x0000000084300000| Untracked 
|  40|0x0000000084400000, 0x0000000084400000, 0x0000000084500000|  0%| F|  |TAMS 0x0000000084400000, 0x0000000084400000| Untracked 
|  41|0x0000000084500000, 0x0000000084500000, 0x0000000084600000|  0%| F|  |TAMS 0x0000000084500000, 0x0000000084500000| Untracked 
|  42|0x0000000084600000, 0x0000000084600000, 0x0000000084700000|  0%| F|  |TAMS 0x0000000084600000, 0x0000000084600000| Untracked 
|  43|0x0000000084700000, 0x0000000084700000, 0x0000000084800000|  0%| F|  |TAMS 0x0000000084700000, 0x0000000084700000| Untracked 
|  44|0x0000000084800000, 0x0000000084800000, 0x0000000084900000|  0%| F|  |TAMS 0x0000000084800000, 0x0000000084800000| Untracked 
|  45|0x0000000084900000, 0x0000000084900000, 0x0000000084a00000|  0%| F|  |TAMS 0x0000000084900000, 0x0000000084900000| Untracked 
|  46|0x0000000084a00000, 0x0000000084a00000, 0x0000000084b00000|  0%| F|  |TAMS 0x0000000084a00000, 0x0000000084a00000| Untracked 
|  47|0x0000000084b00000, 0x0000000084b00000, 0x0000000084c00000|  0%| F|  |TAMS 0x0000000084b00000, 0x0000000084b00000| Untracked 
|  48|0x0000000084c00000, 0x0000000084c00000, 0x0000000084d00000|  0%| F|  |TAMS 0x0000000084c00000, 0x0000000084c00000| Untracked 
|  49|0x0000000084d00000, 0x0000000084d00000, 0x0000000084e00000|  0%| F|  |TAMS 0x0000000084d00000, 0x0000000084d00000| Untracked 
|  50|0x0000000084e00000, 0x0000000084e00000, 0x0000000084f00000|  0%| F|  |TAMS 0x0000000084e00000, 0x0000000084e00000| Untracked 
|  51|0x0000000084f00000, 0x0000000084f00000, 0x0000000085000000|  0%| F|  |TAMS 0x0000000084f00000, 0x0000000084f00000| Untracked 
|  52|0x0000000085000000, 0x0000000085000000, 0x0000000085100000|  0%| F|  |TAMS 0x0000000085000000, 0x0000000085000000| Untracked 
|  53|0x0000000085100000, 0x0000000085100000, 0x0000000085200000|  0%| F|  |TAMS 0x0000000085100000, 0x0000000085100000| Untracked 
|  54|0x0000000085200000, 0x0000000085200000, 0x0000000085300000|  0%| F|  |TAMS 0x0000000085200000, 0x0000000085200000| Untracked 
|  55|0x0000000085300000, 0x0000000085300000, 0x0000000085400000|  0%| F|  |TAMS 0x0000000085300000, 0x0000000085300000| Untracked 
|  56|0x0000000085400000, 0x0000000085400000, 0x0000000085500000|  0%| F|  |TAMS 0x0000000085400000, 0x0000000085400000| Untracked 
|  57|0x0000000085500000, 0x0000000085500000, 0x0000000085600000|  0%| F|  |TAMS 0x0000000085500000, 0x0000000085500000| Untracked 
|  58|0x0000000085600000, 0x0000000085600000, 0x0000000085700000|  0%| F|  |TAMS 0x0000000085600000, 0x0000000085600000| Untracked 
|  59|0x0000000085700000, 0x0000000085700000, 0x0000000085800000|  0%| F|  |TAMS 0x0000000085700000, 0x0000000085700000| Untracked 
|  60|0x0000000085800000, 0x0000000085800000, 0x0000000085900000|  0%| F|  |TAMS 0x0000000085800000, 0x0000000085800000| Untracked 
|  61|0x0000000085900000, 0x0000000085900000, 0x0000000085a00000|  0%| F|  |TAMS 0x0000000085900000, 0x0000000085900000| Untracked 
|  62|0x0000000085a00000, 0x0000000085a00000, 0x0000000085b00000|  0%| F|  |TAMS 0x0000000085a00000, 0x0000000085a00000| Untracked 
|  63|0x0000000085b00000, 0x0000000085b00000, 0x0000000085c00000|  0%| F|  |TAMS 0x0000000085b00000, 0x0000000085b00000| Untracked 
|  64|0x0000000085c00000, 0x0000000085c00000, 0x0000000085d00000|  0%| F|  |TAMS 0x0000000085c00000, 0x0000000085c00000| Untracked 
|  65|0x0000000085d00000, 0x0000000085d00000, 0x0000000085e00000|  0%| F|  |TAMS 0x0000000085d00000, 0x0000000085d00000| Untracked 
|  66|0x0000000085e00000, 0x0000000085e00000, 0x0000000085f00000|  0%| F|  |TAMS 0x0000000085e00000, 0x0000000085e00000| Untracked 
|  67|0x0000000085f00000, 0x0000000085f00000, 0x0000000086000000|  0%| F|  |TAMS 0x0000000085f00000, 0x0000000085f00000| Untracked 
|  68|0x0000000086000000, 0x0000000086000000, 0x0000000086100000|  0%| F|  |TAMS 0x0000000086000000, 0x0000000086000000| Untracked 
|  69|0x0000000086100000, 0x0000000086100000, 0x0000000086200000|  0%| F|  |TAMS 0x0000000086100000, 0x0000000086100000| Untracked 
|  70|0x0000000086200000, 0x0000000086200000, 0x0000000086300000|  0%| F|  |TAMS 0x0000000086200000, 0x0000000086200000| Untracked 
|  71|0x0000000086300000, 0x0000000086300000, 0x0000000086400000|  0%| F|  |TAMS 0x0000000086300000, 0x0000000086300000| Untracked 
|  72|0x0000000086400000, 0x0000000086400000, 0x0000000086500000|  0%| F|  |TAMS 0x0000000086400000, 0x0000000086400000| Untracked 
|  73|0x0000000086500000, 0x0000000086500000, 0x0000000086600000|  0%| F|  |TAMS 0x0000000086500000, 0x0000000086500000| Untracked 
|  74|0x0000000086600000, 0x0000000086600000, 0x0000000086700000|  0%| F|  |TAMS 0x0000000086600000, 0x0000000086600000| Untracked 
|  75|0x0000000086700000, 0x0000000086700000, 0x0000000086800000|  0%| F|  |TAMS 0x0000000086700000, 0x0000000086700000| Untracked 
|  76|0x0000000086800000, 0x0000000086800000, 0x0000000086900000|  0%| F|  |TAMS 0x0000000086800000, 0x0000000086800000| Untracked 
|  77|0x0000000086900000, 0x0000000086900000, 0x0000000086a00000|  0%| F|  |TAMS 0x0000000086900000, 0x0000000086900000| Untracked 
|  78|0x0000000086a00000, 0x0000000086a00000, 0x0000000086b00000|  0%| F|  |TAMS 0x0000000086a00000, 0x0000000086a00000| Untracked 
|  79|0x0000000086b00000, 0x0000000086b00000, 0x0000000086c00000|  0%| F|  |TAMS 0x0000000086b00000, 0x0000000086b00000| Untracked 
|  80|0x0000000086c00000, 0x0000000086c00000, 0x0000000086d00000|  0%| F|  |TAMS 0x0000000086c00000, 0x0000000086c00000| Untracked 
|  81|0x0000000086d00000, 0x0000000086d00000, 0x0000000086e00000|  0%| F|  |TAMS 0x0000000086d00000, 0x0000000086d00000| Untracked 
|  82|0x0000000086e00000, 0x0000000086e00000, 0x0000000086f00000|  0%| F|  |TAMS 0x0000000086e00000, 0x0000000086e00000| Untracked 
|  83|0x0000000086f00000, 0x0000000086f00000, 0x0000000087000000|  0%| F|  |TAMS 0x0000000086f00000, 0x0000000086f00000| Untracked 
|  84|0x0000000087000000, 0x0000000087000000, 0x0000000087100000|  0%| F|  |TAMS 0x0000000087000000, 0x0000000087000000| Untracked 
|  85|0x0000000087100000, 0x0000000087100000, 0x0000000087200000|  0%| F|  |TAMS 0x0000000087100000, 0x0000000087100000| Untracked 
|  86|0x0000000087200000, 0x0000000087200000, 0x0000000087300000|  0%| F|  |TAMS 0x0000000087200000, 0x0000000087200000| Untracked 
|  87|0x0000000087300000, 0x0000000087300000, 0x0000000087400000|  0%| F|  |TAMS 0x0000000087300000, 0x0000000087300000| Untracked 
|  88|0x0000000087400000, 0x0000000087400000, 0x0000000087500000|  0%| F|  |TAMS 0x0000000087400000, 0x0000000087400000| Untracked 
|  89|0x0000000087500000, 0x0000000087500000, 0x0000000087600000|  0%| F|  |TAMS 0x0000000087500000, 0x0000000087500000| Untracked 
|  90|0x0000000087600000, 0x0000000087600000, 0x0000000087700000|  0%| F|  |TAMS 0x0000000087600000, 0x0000000087600000| Untracked 
|  91|0x0000000087700000, 0x0000000087700000, 0x0000000087800000|  0%| F|  |TAMS 0x0000000087700000, 0x0000000087700000| Untracked 
|  92|0x0000000087800000, 0x0000000087800000, 0x0000000087900000|  0%| F|  |TAMS 0x0000000087800000, 0x0000000087800000| Untracked 
|  93|0x0000000087900000, 0x0000000087900000, 0x0000000087a00000|  0%| F|  |TAMS 0x0000000087900000, 0x0000000087900000| Untracked 
|  94|0x0000000087a00000, 0x0000000087a00000, 0x0000000087b00000|  0%| F|  |TAMS 0x0000000087a00000, 0x0000000087a00000| Untracked 
|  95|0x0000000087b00000, 0x0000000087b00000, 0x0000000087c00000|  0%| F|  |TAMS 0x0000000087b00000, 0x0000000087b00000| Untracked 
|  96|0x0000000087c00000, 0x0000000087c00000, 0x0000000087d00000|  0%| F|  |TAMS 0x0000000087c00000, 0x0000000087c00000| Untracked 
|  97|0x0000000087d00000, 0x0000000087d00000, 0x0000000087e00000|  0%| F|  |TAMS 0x0000000087d00000, 0x0000000087d00000| Untracked 
|  98|0x0000000087e00000, 0x0000000087e00000, 0x0000000087f00000|  0%| F|  |TAMS 0x0000000087e00000, 0x0000000087e00000| Untracked 
|  99|0x0000000087f00000, 0x0000000087f00000, 0x0000000088000000|  0%| F|  |TAMS 0x0000000087f00000, 0x0000000087f00000| Untracked 
| 100|0x0000000088000000, 0x0000000088000000, 0x0000000088100000|  0%| F|  |TAMS 0x0000000088000000, 0x0000000088000000| Untracked 
| 101|0x0000000088100000, 0x0000000088100000, 0x0000000088200000|  0%| F|  |TAMS 0x0000000088100000, 0x0000000088100000| Untracked 
| 102|0x0000000088200000, 0x0000000088200000, 0x0000000088300000|  0%| F|  |TAMS 0x0000000088200000, 0x0000000088200000| Untracked 
| 103|0x0000000088300000, 0x0000000088300000, 0x0000000088400000|  0%| F|  |TAMS 0x0000000088300000, 0x0000000088300000| Untracked 
| 104|0x0000000088400000, 0x0000000088400000, 0x0000000088500000|  0%| F|  |TAMS 0x0000000088400000, 0x0000000088400000| Untracked 
| 105|0x0000000088500000, 0x0000000088500000, 0x0000000088600000|  0%| F|  |TAMS 0x0000000088500000, 0x0000000088500000| Untracked 
| 106|0x0000000088600000, 0x0000000088600000, 0x0000000088700000|  0%| F|  |TAMS 0x0000000088600000, 0x0000000088600000| Untracked 
| 107|0x0000000088700000, 0x0000000088700000, 0x0000000088800000|  0%| F|  |TAMS 0x0000000088700000, 0x0000000088700000| Untracked 
| 108|0x0000000088800000, 0x0000000088800000, 0x0000000088900000|  0%| F|  |TAMS 0x0000000088800000, 0x0000000088800000| Untracked 
| 109|0x0000000088900000, 0x0000000088900000, 0x0000000088a00000|  0%| F|  |TAMS 0x0000000088900000, 0x0000000088900000| Untracked 
| 110|0x0000000088a00000, 0x0000000088a00000, 0x0000000088b00000|  0%| F|  |TAMS 0x0000000088a00000, 0x0000000088a00000| Untracked 
| 111|0x0000000088b00000, 0x0000000088b00000, 0x0000000088c00000|  0%| F|  |TAMS 0x0000000088b00000, 0x0000000088b00000| Untracked 
| 112|0x0000000088c00000, 0x0000000088c00000, 0x0000000088d00000|  0%| F|  |TAMS 0x0000000088c00000, 0x0000000088c00000| Untracked 
| 113|0x0000000088d00000, 0x0000000088d00000, 0x0000000088e00000|  0%| F|  |TAMS 0x0000000088d00000, 0x0000000088d00000| Untracked 
| 114|0x0000000088e00000, 0x0000000088e00000, 0x0000000088f00000|  0%| F|  |TAMS 0x0000000088e00000, 0x0000000088e00000| Untracked 
| 115|0x0000000088f00000, 0x0000000088f7b628, 0x0000000089000000| 48%| E|  |TAMS 0x0000000088f00000, 0x0000000088f00000| Complete 
| 116|0x0000000089000000, 0x0000000089100000, 0x0000000089100000|100%| E|CS|TAMS 0x0000000089000000, 0x0000000089000000| Complete 
| 117|0x0000000089100000, 0x0000000089200000, 0x0000000089200000|100%| E|CS|TAMS 0x0000000089100000, 0x0000000089100000| Complete 
| 118|0x0000000089200000, 0x0000000089300000, 0x0000000089300000|100%| E|CS|TAMS 0x0000000089200000, 0x0000000089200000| Complete 
| 119|0x0000000089300000, 0x0000000089400000, 0x0000000089400000|100%| E|CS|TAMS 0x0000000089300000, 0x0000000089300000| Complete 
| 120|0x0000000089400000, 0x0000000089500000, 0x0000000089500000|100%| E|CS|TAMS 0x0000000089400000, 0x0000000089400000| Complete 
| 121|0x0000000089500000, 0x0000000089600000, 0x0000000089600000|100%| E|CS|TAMS 0x0000000089500000, 0x0000000089500000| Complete 
| 122|0x0000000089600000, 0x0000000089700000, 0x0000000089700000|100%| E|CS|TAMS 0x0000000089600000, 0x0000000089600000| Complete 
| 123|0x0000000089700000, 0x0000000089800000, 0x0000000089800000|100%| E|CS|TAMS 0x0000000089700000, 0x0000000089700000| Complete 
| 124|0x0000000089800000, 0x0000000089900000, 0x0000000089900000|100%| E|CS|TAMS 0x0000000089800000, 0x0000000089800000| Complete 
| 125|0x0000000089900000, 0x0000000089a00000, 0x0000000089a00000|100%| E|CS|TAMS 0x0000000089900000, 0x0000000089900000| Complete 
| 126|0x0000000089a00000, 0x0000000089b00000, 0x0000000089b00000|100%| E|CS|TAMS 0x0000000089a00000, 0x0000000089a00000| Complete 
| 127|0x0000000089b00000, 0x0000000089c00000, 0x0000000089c00000|100%| E|CS|TAMS 0x0000000089b00000, 0x0000000089b00000| Complete 

Card table byte_map: [0x000001c880000000,0x000001c880400000] _byte_map_base: 0x000001c87fbf2000

Marking Bits (Prev, Next): (CMBitMap*) 0x000001c8e82da648, (CMBitMap*) 0x000001c8e82da680
 Prev Bits: [0x000001c880800000, 0x000001c882790000)
 Next Bits: [0x000001c882790000, 0x000001c884720000)

Polling page: 0x000001c8e6440000

Metaspace:

Usage:
  Non-class:      9.27 MB capacity,     9.20 MB (>99%) used,    55.79 KB ( <1%) free+waste,     6.56 KB ( <1%) overhead. 
      Class:    823.00 KB capacity,   789.02 KB ( 96%) used,    32.17 KB (  4%) free+waste,     1.81 KB ( <1%) overhead. 
       Both:     10.07 MB capacity,     9.98 MB (>99%) used,    87.96 KB ( <1%) free+waste,     8.38 KB ( <1%) overhead. 

Virtual space:
  Non-class space:       10.00 MB reserved,       9.50 MB ( 95%) committed 
      Class space:        1.00 GB reserved,     896.00 KB ( <1%) committed 
             Both:        1.01 GB reserved,      10.38 MB (  1%) committed 

Chunk freelists:
   Non-Class:  14.00 KB
       Class:  1.13 KB
        Both:  15.13 KB

CodeHeap 'non-profiled nmethods': size=120000Kb used=275Kb max_used=275Kb free=119724Kb
 bounds [0x000001c8f8230000, 0x000001c8f84a0000, 0x000001c8ff760000]
CodeHeap 'profiled nmethods': size=120000Kb used=1950Kb max_used=1950Kb free=118049Kb
 bounds [0x000001c8f0d00000, 0x000001c8f0f70000, 0x000001c8f8230000]
CodeHeap 'non-nmethods': size=5760Kb used=1179Kb max_used=1193Kb free=4580Kb
 bounds [0x000001c8f0760000, 0x000001c8f09d0000, 0x000001c8f0d00000]
 total_blobs=1564 nmethods=1021 adapters=455
 compilation: enabled
              stopped_count=0, restarted_count=0
 full_count=0

Compilation events (10 events):
Event: 11.912 Thread 0x000001c88707d800 1015       3       org.lwjgl.opengl.GL15::glBufferData (36 bytes)
Event: 11.912 Thread 0x000001c88707d800 nmethod 1015 0x000001c8f0ee2f90 code [0x000001c8f0ee3220, 0x000001c8f0ee3e58]
Event: 11.915 Thread 0x000001c88707d800 1018       3       com.badlogic.gdx.graphics.glutils.VertexBufferObject::unbind (100 bytes)
Event: 11.915 Thread 0x000001c88707d800 nmethod 1018 0x000001c8f0ee4390 code [0x000001c8f0ee4780, 0x000001c8f0ee5ff8]
Event: 12.157 Thread 0x000001c88707d800 1019       3       com.badlogic.gdx.utils.IntArray::add (48 bytes)
Event: 12.157 Thread 0x000001c88707d800 nmethod 1019 0x000001c8f0ee6b10 code [0x000001c8f0ee6d20, 0x000001c8f0ee7268]
Event: 12.173 Thread 0x000001c88707d800 1020       3       jdk.internal.math.FloatingDecimal$BinaryToASCIIBuffer::roundup (104 bytes)
Event: 12.173 Thread 0x000001c88707d800 nmethod 1020 0x000001c8f0ee7490 code [0x000001c8f0ee7640, 0x000001c8f0ee7978]
Event: 12.529 Thread 0x000001c88707c000 1021       4       java.lang.String::substring (58 bytes)
Event: 12.533 Thread 0x000001c88707c000 nmethod 1021 0x000001c8f8274590 code [0x000001c8f8274740, 0x000001c8f8274c18]

GC Heap History (0 events):
No events

Deoptimization events (3 events):
Event: 0.096 Thread 0x000001c8e829b800 Uncommon trap: reason=unstable_if action=reinterpret pc=0x000001c8f8231390 method=java.lang.String.isLatin1()Z @ 10 c2
Event: 0.198 Thread 0x000001c8e829b800 Uncommon trap: reason=unstable_if action=reinterpret pc=0x000001c8f8234d7c method=java.lang.String.hashCode()I @ 14 c2
Event: 0.203 Thread 0x000001c8e829b800 Uncommon trap: reason=unstable_if action=reinterpret pc=0x000001c8f823cf80 method=java.io.WinNTFileSystem.isSlash(C)Z @ 9 c2

Classes redefined (0 events):
No events

Internal exceptions (6 events):
Event: 0.256 Thread 0x000001c8e829b800 Exception <a 'java/security/PrivilegedActionException'{0x000000008971a988}> (0x000000008971a988) thrown at [./open/src/hotspot/share/prims/jvm.cpp, line 1305]
Event: 0.256 Thread 0x000001c8e829b800 Exception <a 'java/security/PrivilegedActionException'{0x000000008971d168}> (0x000000008971d168) thrown at [./open/src/hotspot/share/prims/jvm.cpp, line 1305]
Event: 0.256 Thread 0x000001c8e829b800 Exception <a 'java/security/PrivilegedActionException'{0x000000008971e160}> (0x000000008971e160) thrown at [./open/src/hotspot/share/prims/jvm.cpp, line 1305]
Event: 0.258 Thread 0x000001c8e829b800 Exception <a 'java/security/PrivilegedActionException'{0x000000008972fd28}> (0x000000008972fd28) thrown at [./open/src/hotspot/share/prims/jvm.cpp, line 1305]
Event: 0.258 Thread 0x000001c8e829b800 Exception <a 'java/security/PrivilegedActionException'{0x00000000897308e8}> (0x00000000897308e8) thrown at [./open/src/hotspot/share/prims/jvm.cpp, line 1305]
Event: 0.258 Thread 0x000001c8e829b800 Exception <a 'java/security/PrivilegedActionException'{0x0000000089731468}> (0x0000000089731468) thrown at [./open/src/hotspot/share/prims/jvm.cpp, line 1305]

Events (10 events):
Event: 1.836 loading class space/wars/meMath
Event: 1.836 loading class space/wars/meMath done
Event: 1.839 loading class space/wars/EasyCircle
Event: 1.839 loading class space/wars/EasyCircle done
Event: 2.421 loading class com/badlogic/gdx/math/MathUtils$Sin
Event: 2.421 loading class com/badlogic/gdx/math/MathUtils$Sin done
Event: 3.257 loading class com/badlogic/gdx/utils/Pool$Poolable
Event: 3.257 loading class com/badlogic/gdx/utils/Pool$Poolable done
Event: 7.130 loading class jdk/internal/math/FDBigInteger
Event: 7.130 loading class jdk/internal/math/FDBigInteger done


Dynamic libraries:
0x00007ff68f700000 - 0x00007ff68f70f000 	C:\Program Files\Java\jdk-11.0.12\bin\java.exe
0x00007ff801490000 - 0x00007ff801685000 	C:\WINDOWS\SYSTEM32\ntdll.dll
0x00007ff800980000 - 0x00007ff800a3e000 	C:\WINDOWS\System32\KERNEL32.DLL
0x00007ffffebe0000 - 0x00007ffffeea8000 	C:\WINDOWS\System32\KERNELBASE.dll
0x00007fffff280000 - 0x00007fffff380000 	C:\WINDOWS\System32\ucrtbase.dll
0x00007fffb8620000 - 0x00007fffb8638000 	C:\Program Files\Java\jdk-11.0.12\bin\jli.dll
0x00007fffb2e80000 - 0x00007fffb2e95000 	C:\Program Files\Java\jdk-11.0.12\bin\VCRUNTIME140.dll
0x00007fffff540000 - 0x00007fffff5ee000 	C:\WINDOWS\System32\ADVAPI32.dll
0x00007fffff650000 - 0x00007fffff6ee000 	C:\WINDOWS\System32\msvcrt.dll
0x00007ff8007b0000 - 0x00007ff80084c000 	C:\WINDOWS\System32\sechost.dll
0x00007ff8004a0000 - 0x00007ff8005c5000 	C:\WINDOWS\System32\RPCRT4.dll
0x00007ff8001c0000 - 0x00007ff800360000 	C:\WINDOWS\System32\USER32.dll
0x00007fffed460000 - 0x00007fffed6fa000 	C:\WINDOWS\WinSxS\amd64_microsoft.windows.common-controls_6595b64144ccf1df_6.0.19041.1110_none_60b5254171f9507e\COMCTL32.dll
0x00007ffffef60000 - 0x00007ffffef82000 	C:\WINDOWS\System32\win32u.dll
0x00007ff800780000 - 0x00007ff8007ab000 	C:\WINDOWS\System32\GDI32.dll
0x00007ffffef90000 - 0x00007fffff09d000 	C:\WINDOWS\System32\gdi32full.dll
0x00007fffff410000 - 0x00007fffff4ad000 	C:\WINDOWS\System32\msvcp_win.dll
0x00007ffff9490000 - 0x00007ffff949a000 	C:\WINDOWS\SYSTEM32\VERSION.dll
0x00007ff800120000 - 0x00007ff800150000 	C:\WINDOWS\System32\IMM32.DLL
0x00007fffa6a60000 - 0x00007fffa6afb000 	C:\Program Files\Java\jdk-11.0.12\bin\msvcp140.dll
0x00007fff9bf40000 - 0x00007fff9ca3f000 	C:\Program Files\Java\jdk-11.0.12\bin\server\jvm.dll
0x00007ff800360000 - 0x00007ff800368000 	C:\WINDOWS\System32\PSAPI.DLL
0x00007ffff06f0000 - 0x00007ffff0717000 	C:\WINDOWS\SYSTEM32\WINMM.dll
0x00007fffe7ea0000 - 0x00007fffe7ea9000 	C:\WINDOWS\SYSTEM32\WSOCK32.dll
0x00007ff800150000 - 0x00007ff8001bb000 	C:\WINDOWS\System32\WS2_32.dll
0x00007ffffc8b0000 - 0x00007ffffc8c2000 	C:\WINDOWS\SYSTEM32\kernel.appcore.dll
0x00007ffff6050000 - 0x00007ffff6060000 	C:\Program Files\Java\jdk-11.0.12\bin\verify.dll
0x00007fffecb50000 - 0x00007fffecd34000 	C:\WINDOWS\SYSTEM32\DBGHELP.DLL
0x00007fffec6c0000 - 0x00007fffec6ec000 	C:\WINDOWS\SYSTEM32\dbgcore.DLL
0x00007fffff380000 - 0x00007fffff402000 	C:\WINDOWS\System32\bcryptPrimitives.dll
0x00007fffa6a30000 - 0x00007fffa6a58000 	C:\Program Files\Java\jdk-11.0.12\bin\java.dll
0x00007ffff5fd0000 - 0x00007ffff5fda000 	C:\Program Files\Java\jdk-11.0.12\bin\jimage.dll
0x00007fffb0480000 - 0x00007fffb0496000 	C:\Program Files\Java\jdk-11.0.12\bin\zip.dll
0x00007fffff8a0000 - 0x00007ffffffe4000 	C:\WINDOWS\System32\SHELL32.dll
0x00007ffffcb90000 - 0x00007ffffd324000 	C:\WINDOWS\SYSTEM32\windows.storage.dll
0x00007ff800c70000 - 0x00007ff800fc5000 	C:\WINDOWS\System32\combase.dll
0x00007ffffe510000 - 0x00007ffffe53e000 	C:\WINDOWS\SYSTEM32\Wldp.dll
0x00007ff800af0000 - 0x00007ff800b9d000 	C:\WINDOWS\System32\SHCORE.dll
0x00007ff800720000 - 0x00007ff800775000 	C:\WINDOWS\System32\shlwapi.dll
0x00007ffffead0000 - 0x00007ffffeaef000 	C:\WINDOWS\SYSTEM32\profapi.dll
0x00007fffa6f00000 - 0x00007fffa6f19000 	C:\Program Files\Java\jdk-11.0.12\bin\net.dll
0x00007ffffdb70000 - 0x00007ffffdc7c000 	C:\WINDOWS\SYSTEM32\WINHTTP.dll
0x00007ffffe270000 - 0x00007ffffe2da000 	C:\WINDOWS\system32\mswsock.dll
0x00007fffa6a10000 - 0x00007fffa6a22000 	C:\Program Files\Java\jdk-11.0.12\bin\nio.dll
0x000000006e700000 - 0x000000006e72a000 	C:\Users\ajsemple01\AppData\Local\Temp\libgdxajsemple01\e1cd32f8\gdx64.dll
0x0000000180000000 - 0x0000000180053000 	C:\Users\ajsemple01\AppData\Local\Temp\libgdxajsemple01\1cecf4f6\lwjgl64.dll
0x00007fffe8f50000 - 0x00007fffe9075000 	C:\WINDOWS\SYSTEM32\OPENGL32.dll
0x00007fffea8b0000 - 0x00007fffea8dc000 	C:\WINDOWS\SYSTEM32\GLU32.dll
0x000001c8885d0000 - 0x000001c888634000 	C:\Users\AJSEMP~1\AppData\Local\Temp\libgdxajsemple01\1cecf4f6\OpenAL64.dll
0x00007ff800370000 - 0x00007ff80049a000 	C:\WINDOWS\System32\ole32.dll
0x00007ffffc4b0000 - 0x00007ffffc54e000 	C:\WINDOWS\system32\uxtheme.dll
0x000001c888650000 - 0x000001c888658000 	C:\Program Files\CHIeru\InterCLASS\Client\IMECtrlHook.dll
0x0000000073af0000 - 0x0000000073bb9000 	C:\WINDOWS\WinSxS\amd64_microsoft.vc80.crt_1fc8b3b9a1e18e3b_8.0.50727.9672_none_88e266cb2fac7c0d\MSVCR80.dll
0x00007ff800a40000 - 0x00007ff800ae9000 	C:\WINDOWS\System32\clbcatq.dll
0x00007fffb33b0000 - 0x00007fffb344c000 	C:\WINDOWS\SYSTEM32\dsound.dll
0x00007ffff5160000 - 0x00007ffff5186000 	C:\WINDOWS\SYSTEM32\winmmbase.dll
0x00007ffffe950000 - 0x00007ffffe99b000 	C:\WINDOWS\SYSTEM32\powrprof.dll
0x00007ffffe930000 - 0x00007ffffe942000 	C:\WINDOWS\SYSTEM32\UMPDC.dll
0x00007ffff9520000 - 0x00007ffff95a5000 	C:\WINDOWS\System32\MMDevApi.dll
0x00007ffffe8c0000 - 0x00007ffffe8f4000 	C:\WINDOWS\System32\DEVOBJ.dll
0x00007fffff230000 - 0x00007fffff27e000 	C:\WINDOWS\System32\cfgmgr32.dll
0x00007ffff9780000 - 0x00007ffff9904000 	C:\WINDOWS\SYSTEM32\AUDIOSES.DLL
0x00007ff800ba0000 - 0x00007ff800c6d000 	C:\WINDOWS\System32\OLEAUT32.dll
0x00007ffffc580000 - 0x00007ffffc594000 	C:\WINDOWS\SYSTEM32\resourcepolicyclient.dll
0x00007ffff6e00000 - 0x00007ffff6eae000 	C:\WINDOWS\SYSTEM32\mscms.dll
0x00007ffffea90000 - 0x00007ffffeabe000 	C:\WINDOWS\SYSTEM32\USERENV.dll
0x00007ffff6bb0000 - 0x00007ffff6bc1000 	C:\WINDOWS\SYSTEM32\ColorAdapterClient.dll
0x00007ffffc1d0000 - 0x00007ffffc214000 	C:\Windows\System32\Windows.Internal.Graphics.Display.DisplayColorManagement.dll
0x00007ff800850000 - 0x00007ff800966000 	C:\WINDOWS\System32\MSCTF.dll
0x00007ffff5e60000 - 0x00007ffff5f59000 	C:\WINDOWS\SYSTEM32\textinputframework.dll
0x00007ffffbd30000 - 0x00007ffffc08e000 	C:\WINDOWS\System32\CoreUIComponents.dll
0x00007ffffc090000 - 0x00007ffffc182000 	C:\WINDOWS\System32\CoreMessaging.dll
0x00007ffffd6a0000 - 0x00007ffffd6d3000 	C:\WINDOWS\SYSTEM32\ntmarta.dll
0x00007ffffb660000 - 0x00007ffffb7b4000 	C:\WINDOWS\SYSTEM32\wintypes.dll
0x00007ffff4de0000 - 0x00007ffff4ed9000 	C:\Windows\System32\AppXDeploymentClient.dll
0x00007fff718a0000 - 0x00007fff73f75000 	C:\WINDOWS\System32\DriverStore\FileRepository\nvhdc.inf_amd64_e0873e840fbf17dc\nvoglv64.dll
0x00007ff800fd0000 - 0x00007ff801442000 	C:\WINDOWS\System32\SETUPAPI.dll
0x00007fffff200000 - 0x00007fffff227000 	C:\WINDOWS\System32\bcrypt.dll
0x00007ffffa110000 - 0x00007ffffa124000 	C:\WINDOWS\SYSTEM32\WTSAPI32.dll
0x00007ffffeb70000 - 0x00007ffffebd9000 	C:\WINDOWS\System32\WINTRUST.dll
0x00007fffff0a0000 - 0x00007fffff1f6000 	C:\WINDOWS\System32\CRYPT32.dll
0x00007ffffe700000 - 0x00007ffffe712000 	C:\WINDOWS\System32\MSASN1.dll
0x00007ffffc880000 - 0x00007ffffc8af000 	C:\WINDOWS\SYSTEM32\dwmapi.dll
0x00007ffff9c60000 - 0x00007ffff9c9b000 	C:\WINDOWS\SYSTEM32\dxcore.dll
0x00007ffff0790000 - 0x00007ffff07d3000 	C:\WINDOWS\SYSTEM32\icm32.dll
0x00007ffffe5b0000 - 0x00007ffffe60a000 	C:\WINDOWS\SYSTEM32\WINSTA.dll
0x0000000066b00000 - 0x0000000066b5b000 	C:\Users\ajsemple01\AppData\Local\Temp\libgdxajsemple01\a14961b7\gdx-box2d64.dll

dbghelp: loaded successfully - version: 4.0.5 - missing functions: none
symbol engine: initialized successfully - sym options: 0x614 - pdb path: .;C:\Program Files\Java\jdk-11.0.12\bin;C:\WINDOWS\SYSTEM32;C:\WINDOWS\WinSxS\amd64_microsoft.windows.common-controls_6595b64144ccf1df_6.0.19041.1110_none_60b5254171f9507e;C:\Program Files\Java\jdk-11.0.12\bin\server;C:\Users\ajsemple01\AppData\Local\Temp\libgdxajsemple01\e1cd32f8;C:\Users\ajsemple01\AppData\Local\Temp\libgdxajsemple01\1cecf4f6;C:\Users\AJSEMP~1\AppData\Local\Temp\libgdxajsemple01\1cecf4f6;C:\Program Files\CHIeru\InterCLASS\Client;C:\WINDOWS\WinSxS\amd64_microsoft.vc80.crt_1fc8b3b9a1e18e3b_8.0.50727.9672_none_88e266cb2fac7c0d;C:\WINDOWS\System32\DriverStore\FileRepository\nvhdc.inf_amd64_e0873e840fbf17dc;C:\Users\ajsemple01\AppData\Local\Temp\libgdxajsemple01\a14961b7

VM Arguments:
jvm_args: -Dfile.encoding=windows-1252 -Duser.country=US -Duser.language=en -Duser.variant 
java_command: space.wars.desktop.DesktopLauncher
java_class_path (initial): G:\My Drive\programs\Space Wars\desktop\build\classes\java\main;G:\My Drive\programs\Space Wars\desktop\build\resources\main;C:\Users\ajsemple01\.gradle\caches\modules-2\files-2.1\com.badlogicgames.gdx\gdx-tools\1.10.0\d699cf4953fb42a071c7c3feb9b5c45601aa6a4b\gdx-tools-1.10.0.jar;C:\Users\ajsemple01\.gradle\caches\modules-2\files-2.1\com.badlogicgames.gdx\gdx-backend-lwjgl\1.10.0\58ff89d9e4fd8a82591367f187d606e781cacc05\gdx-backend-lwjgl-1.10.0.jar;C:\Users\ajsemple01\.gradle\caches\modules-2\files-2.1\com.badlogicgames.gdx\gdx-platform\1.10.0\9a8fa793d2fd6d360afc6c9e4c1f5583da263b88\gdx-platform-1.10.0-natives-desktop.jar;C:\Users\ajsemple01\.gradle\caches\modules-2\files-2.1\com.badlogicgames.gdx\gdx-box2d-platform\1.10.0\588c4191c5a64ed39365e71484aa37d81c38eb5e\gdx-box2d-platform-1.10.0-natives-desktop.jar;C:\Users\ajsemple01\.gradle\caches\modules-2\files-2.1\com.badlogicgames.gdx-controllers\gdx-controllers-desktop\2.1.0\6a40821fd5233d56ef82a78db790784e0d34a340\gdx-controllers-desktop-2.1.0.jar;G:\My Drive\programs\Space Wars\core\build\libs\core-1.0.jar;C:\Users\ajsemple01\.gradle\caches\modules-2\files-2.1\com.badlogicgames.gdx\gdx-backend-headless\1.10.0\990eadbb431197c5b9b816d1659c772e0268e65\gdx-backend-headless-1.10.0.jar;C:\Users\ajsemple01\.gradle\caches\modules-2\files-2.1\com.badlogicgames.gdx\gdx-freetype\1.10.0\de1d0d5c1e92e8d91364256fd6b7bb279d3e9859\gdx-freetype-1.10.0.jar;C:\Users\ajsemple01\.gradle\caches\modules-2\files-2.1\com.badlogicgames.gdx-controllers\gdx-controllers-core\2.1.0\7c282de3958795a6da5dd3cc2d64b9389a8f9142\gdx-controllers-core-2.1.0.jar;C:\Users\ajsemple01\.gradle\caches\modules-2\files-2.1\com.badlogicgames.box2dlights\box2dlights\1.5\6902dbcd250c95a27973aa24a147a95b3828d348\box2dlights-1.5.jar;C:\Users\ajsemple01\.gradle\caches\modules-2\files-2.1\com.badlogicgames.gdx\gdx-box2d\1.10.0\b3a3c0f00b90716238835434d0ae8985604c37f8\gdx-box2d-1.10.0.jar;C:\Users\ajsemple01\.gradle\caches\modules-2\files
Launcher Type: SUN_STANDARD

[Global flags]
     intx CICompilerCount                          = 4                                         {product} {ergonomic}
     uint ConcGCThreads                            = 2                                         {product} {ergonomic}
     uint G1ConcRefinementThreads                  = 8                                         {product} {ergonomic}
   size_t G1HeapRegionSize                         = 1048576                                   {product} {ergonomic}
    uintx GCDrainStackTargetSize                   = 64                                        {product} {ergonomic}
   size_t InitialHeapSize                          = 134217728                                 {product} {ergonomic}
   size_t MarkStackSize                            = 4194304                                   {product} {ergonomic}
   size_t MaxHeapSize                              = 2118123520                                {product} {ergonomic}
   size_t MaxNewSize                               = 1270874112                                {product} {ergonomic}
   size_t MinHeapDeltaBytes                        = 1048576                                   {product} {ergonomic}
    uintx NonNMethodCodeHeapSize                   = 5836300                                {pd product} {ergonomic}
    uintx NonProfiledCodeHeapSize                  = 122910970                              {pd product} {ergonomic}
    uintx ProfiledCodeHeapSize                     = 122910970                              {pd product} {ergonomic}
    uintx ReservedCodeCacheSize                    = 251658240                              {pd product} {ergonomic}
     bool SegmentedCodeCache                       = true                                      {product} {ergonomic}
     bool UseCompressedClassPointers               = true                                 {lp64_product} {ergonomic}
     bool UseCompressedOops                        = true                                 {lp64_product} {ergonomic}
     bool UseG1GC                                  = true                                      {product} {ergonomic}
     bool UseLargePagesIndividualAllocation        = false                                  {pd product} {ergonomic}

Logging:
Log output configuration:
 #0: stdout all=warning uptime,level,tags
 #1: stderr all=off uptime,level,tags

Environment Variables:
PATH=C:\Program Files\Python39\Scripts\;C:\Program Files\Python39\;C:\Program Files\Common Files\Oracle\Java\javapath;C:\Program Files (x86)\Common Files\Oracle\Java\javapath;C:\Program Files (x86)\Python36-32\Scripts\;C:\Program Files (x86)\Python36-32\;C:\WINDOWS\system32;C:\WINDOWS;C:\WINDOWS\System32\Wbem;C:\WINDOWS\System32\WindowsPowerShell\v1.0\;C:\WINDOWS\System32\OpenSSH\;C:\Program Files\Git\cmd;C:\Users\ajsemple01\AppData\Local\Microsoft\WindowsApps;C:\Users\ajsemple01\AppData\Local\Programs\Microsoft VS Code\bin;C:\Users\ajsemple01\AppData\Local\GitHubDesktop\bin;
USERNAME=ajsemple01
OS=Windows_NT
PROCESSOR_IDENTIFIER=Intel64 Family 6 Model 94 Stepping 3, GenuineIntel



---------------  S Y S T E M  ---------------

OS: Windows 10 , 64 bit Build 19041 (10.0.19041.1503)

CPU:total 8 (initial active 8) (4 cores per cpu, 2 threads per core) family 6 model 94 stepping 3 microcode 0xcc, cmov, cx8, fxsr, mmx, sse, sse2, sse3, ssse3, sse4.1, sse4.2, popcnt, avx, avx2, aes, clmul, erms, rtm, 3dnowpref, lzcnt, ht, tsc, tscinvbit, bmi1, bmi2, adx, fma

Memory: 4k page, system-wide physical 8072M (1467M free)
TotalPageFile size 9352M (AvailPageFile size 1537M)
current process WorkingSet (physical memory assigned to process): 88M, peak: 90M
current process commit charge ("private bytes"): 250M, peak: 251M

vm_info: Java HotSpot(TM) 64-Bit Server VM (11.0.12+8-LTS-237) for windows-amd64 JRE (11.0.12+8-LTS-237), built on Jun  8 2021 11:25:59 by "mach5one" with MS VC++ 15.9 (VS2017)

END.
